<?xml version="1.0" encoding="UTF-8"?>
<testsuite xmlns:xsi="http://www.w3.org/2001/XMLSchema-instance" xsi:noNamespaceSchemaLocation="https://maven.apache.org/surefire/maven-surefire-plugin/xsd/surefire-test-report-3.0.xsd" version="3.0" name="com.Human.Ai.D.makit.AuditLoggingServiceTest" time="1.178" tests="16" errors="10" skipped="0" failures="0">
  <properties>
    <property name="java.specification.version" value="24"/>
    <property name="sun.jnu.encoding" value="UTF-8"/>
    <property name="java.class.path" value="/Users/eliotsong/Documents/I. Program/test-sample_/AI-Maketing assistant_/backend/target/test-classes:/Users/eliotsong/Documents/I. Program/test-sample_/AI-Maketing assistant_/backend/target/classes:/Users/eliotsong/.m2/repository/org/springframework/boot/spring-boot-starter-web/3.2.0/spring-boot-starter-web-3.2.0.jar:/Users/eliotsong/.m2/repository/org/springframework/boot/spring-boot-starter/3.2.0/spring-boot-starter-3.2.0.jar:/Users/eliotsong/.m2/repository/org/springframework/boot/spring-boot/3.2.0/spring-boot-3.2.0.jar:/Users/eliotsong/.m2/repository/org/springframework/boot/spring-boot-autoconfigure/3.2.0/spring-boot-autoconfigure-3.2.0.jar:/Users/eliotsong/.m2/repository/org/springframework/boot/spring-boot-starter-logging/3.2.0/spring-boot-starter-logging-3.2.0.jar:/Users/eliotsong/.m2/repository/ch/qos/logback/logback-classic/1.4.11/logback-classic-1.4.11.jar:/Users/eliotsong/.m2/repository/ch/qos/logback/logback-core/1.4.11/logback-core-1.4.11.jar:/Users/eliotsong/.m2/repository/org/apache/logging/log4j/log4j-to-slf4j/2.21.1/log4j-to-slf4j-2.21.1.jar:/Users/eliotsong/.m2/repository/org/apache/logging/log4j/log4j-api/2.21.1/log4j-api-2.21.1.jar:/Users/eliotsong/.m2/repository/org/slf4j/jul-to-slf4j/2.0.9/jul-to-slf4j-2.0.9.jar:/Users/eliotsong/.m2/repository/jakarta/annotation/jakarta.annotation-api/2.1.1/jakarta.annotation-api-2.1.1.jar:/Users/eliotsong/.m2/repository/org/yaml/snakeyaml/2.2/snakeyaml-2.2.jar:/Users/eliotsong/.m2/repository/org/springframework/boot/spring-boot-starter-json/3.2.0/spring-boot-starter-json-3.2.0.jar:/Users/eliotsong/.m2/repository/com/fasterxml/jackson/datatype/jackson-datatype-jdk8/2.15.3/jackson-datatype-jdk8-2.15.3.jar:/Users/eliotsong/.m2/repository/com/fasterxml/jackson/datatype/jackson-datatype-jsr310/2.15.3/jackson-datatype-jsr310-2.15.3.jar:/Users/eliotsong/.m2/repository/com/fasterxml/jackson/module/jackson-module-parameter-names/2.15.3/jackson-module-parameter-names-2.15.3.jar:/Users/eliotsong/.m2/repository/org/springframework/boot/spring-boot-starter-tomcat/3.2.0/spring-boot-starter-tomcat-3.2.0.jar:/Users/eliotsong/.m2/repository/org/apache/tomcat/embed/tomcat-embed-core/10.1.16/tomcat-embed-core-10.1.16.jar:/Users/eliotsong/.m2/repository/org/apache/tomcat/embed/tomcat-embed-websocket/10.1.16/tomcat-embed-websocket-10.1.16.jar:/Users/eliotsong/.m2/repository/org/springframework/spring-web/6.1.1/spring-web-6.1.1.jar:/Users/eliotsong/.m2/repository/org/springframework/spring-beans/6.1.1/spring-beans-6.1.1.jar:/Users/eliotsong/.m2/repository/io/micrometer/micrometer-observation/1.12.0/micrometer-observation-1.12.0.jar:/Users/eliotsong/.m2/repository/io/micrometer/micrometer-commons/1.12.0/micrometer-commons-1.12.0.jar:/Users/eliotsong/.m2/repository/org/springframework/spring-webmvc/6.1.1/spring-webmvc-6.1.1.jar:/Users/eliotsong/.m2/repository/org/springframework/spring-context/6.1.1/spring-context-6.1.1.jar:/Users/eliotsong/.m2/repository/org/springframework/spring-expression/6.1.1/spring-expression-6.1.1.jar:/Users/eliotsong/.m2/repository/org/springframework/boot/spring-boot-starter-data-jpa/3.2.0/spring-boot-starter-data-jpa-3.2.0.jar:/Users/eliotsong/.m2/repository/org/springframework/boot/spring-boot-starter-aop/3.2.0/spring-boot-starter-aop-3.2.0.jar:/Users/eliotsong/.m2/repository/org/aspectj/aspectjweaver/1.9.20.1/aspectjweaver-1.9.20.1.jar:/Users/eliotsong/.m2/repository/org/springframework/boot/spring-boot-starter-jdbc/3.2.0/spring-boot-starter-jdbc-3.2.0.jar:/Users/eliotsong/.m2/repository/com/zaxxer/HikariCP/5.0.1/HikariCP-5.0.1.jar:/Users/eliotsong/.m2/repository/org/springframework/spring-jdbc/6.1.1/spring-jdbc-6.1.1.jar:/Users/eliotsong/.m2/repository/org/hibernate/orm/hibernate-core/6.3.1.Final/hibernate-core-6.3.1.Final.jar:/Users/eliotsong/.m2/repository/jakarta/persistence/jakarta.persistence-api/3.1.0/jakarta.persistence-api-3.1.0.jar:/Users/eliotsong/.m2/repository/jakarta/transaction/jakarta.transaction-api/2.0.1/jakarta.transaction-api-2.0.1.jar:/Users/eliotsong/.m2/repository/org/jboss/logging/jboss-logging/3.5.3.Final/jboss-logging-3.5.3.Final.jar:/Users/eliotsong/.m2/repository/org/hibernate/common/hibernate-commons-annotations/6.0.6.Final/hibernate-commons-annotations-6.0.6.Final.jar:/Users/eliotsong/.m2/repository/io/smallrye/jandex/3.1.2/jandex-3.1.2.jar:/Users/eliotsong/.m2/repository/com/fasterxml/classmate/1.6.0/classmate-1.6.0.jar:/Users/eliotsong/.m2/repository/net/bytebuddy/byte-buddy/1.14.10/byte-buddy-1.14.10.jar:/Users/eliotsong/.m2/repository/org/glassfish/jaxb/jaxb-runtime/4.0.4/jaxb-runtime-4.0.4.jar:/Users/eliotsong/.m2/repository/org/glassfish/jaxb/jaxb-core/4.0.4/jaxb-core-4.0.4.jar:/Users/eliotsong/.m2/repository/org/eclipse/angus/angus-activation/2.0.1/angus-activation-2.0.1.jar:/Users/eliotsong/.m2/repository/org/glassfish/jaxb/txw2/4.0.4/txw2-4.0.4.jar:/Users/eliotsong/.m2/repository/com/sun/istack/istack-commons-runtime/4.1.2/istack-commons-runtime-4.1.2.jar:/Users/eliotsong/.m2/repository/jakarta/inject/jakarta.inject-api/2.0.1/jakarta.inject-api-2.0.1.jar:/Users/eliotsong/.m2/repository/org/antlr/antlr4-runtime/4.10.1/antlr4-runtime-4.10.1.jar:/Users/eliotsong/.m2/repository/org/springframework/data/spring-data-jpa/3.2.0/spring-data-jpa-3.2.0.jar:/Users/eliotsong/.m2/repository/org/springframework/data/spring-data-commons/3.2.0/spring-data-commons-3.2.0.jar:/Users/eliotsong/.m2/repository/org/springframework/spring-orm/6.1.1/spring-orm-6.1.1.jar:/Users/eliotsong/.m2/repository/org/springframework/spring-tx/6.1.1/spring-tx-6.1.1.jar:/Users/eliotsong/.m2/repository/org/springframework/spring-aspects/6.1.1/spring-aspects-6.1.1.jar:/Users/eliotsong/.m2/repository/org/springframework/boot/spring-boot-starter-security/3.2.0/spring-boot-starter-security-3.2.0.jar:/Users/eliotsong/.m2/repository/org/springframework/spring-aop/6.1.1/spring-aop-6.1.1.jar:/Users/eliotsong/.m2/repository/org/springframework/security/spring-security-config/6.2.0/spring-security-config-6.2.0.jar:/Users/eliotsong/.m2/repository/org/springframework/security/spring-security-web/6.2.0/spring-security-web-6.2.0.jar:/Users/eliotsong/.m2/repository/org/springframework/boot/spring-boot-starter-validation/3.2.0/spring-boot-starter-validation-3.2.0.jar:/Users/eliotsong/.m2/repository/org/apache/tomcat/embed/tomcat-embed-el/10.1.16/tomcat-embed-el-10.1.16.jar:/Users/eliotsong/.m2/repository/org/hibernate/validator/hibernate-validator/8.0.1.Final/hibernate-validator-8.0.1.Final.jar:/Users/eliotsong/.m2/repository/jakarta/validation/jakarta.validation-api/3.0.2/jakarta.validation-api-3.0.2.jar:/Users/eliotsong/.m2/repository/org/springframework/boot/spring-boot-starter-websocket/3.2.0/spring-boot-starter-websocket-3.2.0.jar:/Users/eliotsong/.m2/repository/org/springframework/spring-messaging/6.1.1/spring-messaging-6.1.1.jar:/Users/eliotsong/.m2/repository/org/springframework/spring-websocket/6.1.1/spring-websocket-6.1.1.jar:/Users/eliotsong/.m2/repository/org/springframework/boot/spring-boot-starter-data-redis/3.2.0/spring-boot-starter-data-redis-3.2.0.jar:/Users/eliotsong/.m2/repository/io/lettuce/lettuce-core/6.3.0.RELEASE/lettuce-core-6.3.0.RELEASE.jar:/Users/eliotsong/.m2/repository/io/netty/netty-common/4.1.101.Final/netty-common-4.1.101.Final.jar:/Users/eliotsong/.m2/repository/io/netty/netty-handler/4.1.101.Final/netty-handler-4.1.101.Final.jar:/Users/eliotsong/.m2/repository/io/netty/netty-transport-native-unix-common/4.1.101.Final/netty-transport-native-unix-common-4.1.101.Final.jar:/Users/eliotsong/.m2/repository/io/netty/netty-transport/4.1.101.Final/netty-transport-4.1.101.Final.jar:/Users/eliotsong/.m2/repository/io/projectreactor/reactor-core/3.6.0/reactor-core-3.6.0.jar:/Users/eliotsong/.m2/repository/org/springframework/data/spring-data-redis/3.2.0/spring-data-redis-3.2.0.jar:/Users/eliotsong/.m2/repository/org/springframework/data/spring-data-keyvalue/3.2.0/spring-data-keyvalue-3.2.0.jar:/Users/eliotsong/.m2/repository/org/springframework/spring-oxm/6.1.1/spring-oxm-6.1.1.jar:/Users/eliotsong/.m2/repository/org/springframework/spring-context-support/6.1.1/spring-context-support-6.1.1.jar:/Users/eliotsong/.m2/repository/redis/clients/jedis/5.0.2/jedis-5.0.2.jar:/Users/eliotsong/.m2/repository/org/slf4j/slf4j-api/2.0.9/slf4j-api-2.0.9.jar:/Users/eliotsong/.m2/repository/org/apache/commons/commons-pool2/2.12.0/commons-pool2-2.12.0.jar:/Users/eliotsong/.m2/repository/org/json/json/20231013/json-20231013.jar:/Users/eliotsong/.m2/repository/com/google/code/gson/gson/2.10.1/gson-2.10.1.jar:/Users/eliotsong/.m2/repository/software/amazon/awssdk/bedrock/2.21.0/bedrock-2.21.0.jar:/Users/eliotsong/.m2/repository/software/amazon/awssdk/protocol-core/2.21.0/protocol-core-2.21.0.jar:/Users/eliotsong/.m2/repository/software/amazon/awssdk/aws-json-protocol/2.21.0/aws-json-protocol-2.21.0.jar:/Users/eliotsong/.m2/repository/software/amazon/awssdk/third-party-jackson-core/2.21.0/third-party-jackson-core-2.21.0.jar:/Users/eliotsong/.m2/repository/software/amazon/awssdk/http-auth-aws/2.21.0/http-auth-aws-2.21.0.jar:/Users/eliotsong/.m2/repository/software/amazon/awssdk/checksums-spi/2.21.0/checksums-spi-2.21.0.jar:/Users/eliotsong/.m2/repository/software/amazon/awssdk/checksums/2.21.0/checksums-2.21.0.jar:/Users/eliotsong/.m2/repository/software/amazon/awssdk/sdk-core/2.21.0/sdk-core-2.21.0.jar:/Users/eliotsong/.m2/repository/org/reactivestreams/reactive-streams/1.0.4/reactive-streams-1.0.4.jar:/Users/eliotsong/.m2/repository/software/amazon/awssdk/auth/2.21.0/auth-2.21.0.jar:/Users/eliotsong/.m2/repository/software/amazon/eventstream/eventstream/1.0.1/eventstream-1.0.1.jar:/Users/eliotsong/.m2/repository/software/amazon/awssdk/http-auth-spi/2.21.0/http-auth-spi-2.21.0.jar:/Users/eliotsong/.m2/repository/software/amazon/awssdk/http-auth/2.21.0/http-auth-2.21.0.jar:/Users/eliotsong/.m2/repository/software/amazon/awssdk/identity-spi/2.21.0/identity-spi-2.21.0.jar:/Users/eliotsong/.m2/repository/software/amazon/awssdk/http-client-spi/2.21.0/http-client-spi-2.21.0.jar:/Users/eliotsong/.m2/repository/software/amazon/awssdk/regions/2.21.0/regions-2.21.0.jar:/Users/eliotsong/.m2/repository/software/amazon/awssdk/annotations/2.21.0/annotations-2.21.0.jar:/Users/eliotsong/.m2/repository/software/amazon/awssdk/utils/2.21.0/utils-2.21.0.jar:/Users/eliotsong/.m2/repository/software/amazon/awssdk/aws-core/2.21.0/aws-core-2.21.0.jar:/Users/eliotsong/.m2/repository/software/amazon/awssdk/metrics-spi/2.21.0/metrics-spi-2.21.0.jar:/Users/eliotsong/.m2/repository/software/amazon/awssdk/json-utils/2.21.0/json-utils-2.21.0.jar:/Users/eliotsong/.m2/repository/software/amazon/awssdk/endpoints-spi/2.21.0/endpoints-spi-2.21.0.jar:/Users/eliotsong/.m2/repository/software/amazon/awssdk/profiles/2.21.0/profiles-2.21.0.jar:/Users/eliotsong/.m2/repository/software/amazon/awssdk/apache-client/2.21.0/apache-client-2.21.0.jar:/Users/eliotsong/.m2/repository/org/apache/httpcomponents/httpclient/4.5.13/httpclient-4.5.13.jar:/Users/eliotsong/.m2/repository/commons-logging/commons-logging/1.2/commons-logging-1.2.jar:/Users/eliotsong/.m2/repository/org/apache/httpcomponents/httpcore/4.4.16/httpcore-4.4.16.jar:/Users/eliotsong/.m2/repository/commons-codec/commons-codec/1.16.0/commons-codec-1.16.0.jar:/Users/eliotsong/.m2/repository/software/amazon/awssdk/netty-nio-client/2.21.0/netty-nio-client-2.21.0.jar:/Users/eliotsong/.m2/repository/io/netty/netty-codec-http/4.1.101.Final/netty-codec-http-4.1.101.Final.jar:/Users/eliotsong/.m2/repository/io/netty/netty-codec-http2/4.1.101.Final/netty-codec-http2-4.1.101.Final.jar:/Users/eliotsong/.m2/repository/io/netty/netty-codec/4.1.101.Final/netty-codec-4.1.101.Final.jar:/Users/eliotsong/.m2/repository/io/netty/netty-buffer/4.1.101.Final/netty-buffer-4.1.101.Final.jar:/Users/eliotsong/.m2/repository/io/netty/netty-transport-classes-epoll/4.1.101.Final/netty-transport-classes-epoll-4.1.101.Final.jar:/Users/eliotsong/.m2/repository/io/netty/netty-resolver/4.1.101.Final/netty-resolver-4.1.101.Final.jar:/Users/eliotsong/.m2/repository/software/amazon/awssdk/bedrockruntime/2.21.0/bedrockruntime-2.21.0.jar:/Users/eliotsong/.m2/repository/software/amazon/awssdk/s3/2.21.0/s3-2.21.0.jar:/Users/eliotsong/.m2/repository/software/amazon/awssdk/aws-xml-protocol/2.21.0/aws-xml-protocol-2.21.0.jar:/Users/eliotsong/.m2/repository/software/amazon/awssdk/aws-query-protocol/2.21.0/aws-query-protocol-2.21.0.jar:/Users/eliotsong/.m2/repository/software/amazon/awssdk/arns/2.21.0/arns-2.21.0.jar:/Users/eliotsong/.m2/repository/software/amazon/awssdk/crt-core/2.21.0/crt-core-2.21.0.jar:/Users/eliotsong/.m2/repository/software/amazon/awssdk/cognitoidentityprovider/2.21.0/cognitoidentityprovider-2.21.0.jar:/Users/eliotsong/.m2/repository/io/jsonwebtoken/jjwt-api/0.11.5/jjwt-api-0.11.5.jar:/Users/eliotsong/.m2/repository/io/jsonwebtoken/jjwt-impl/0.11.5/jjwt-impl-0.11.5.jar:/Users/eliotsong/.m2/repository/io/jsonwebtoken/jjwt-jackson/0.11.5/jjwt-jackson-0.11.5.jar:/Users/eliotsong/.m2/repository/com/h2database/h2/2.2.224/h2-2.2.224.jar:/Users/eliotsong/.m2/repository/org/postgresql/postgresql/42.6.0/postgresql-42.6.0.jar:/Users/eliotsong/.m2/repository/org/checkerframework/checker-qual/3.31.0/checker-qual-3.31.0.jar:/Users/eliotsong/.m2/repository/com/fasterxml/jackson/core/jackson-databind/2.15.3/jackson-databind-2.15.3.jar:/Users/eliotsong/.m2/repository/com/fasterxml/jackson/core/jackson-annotations/2.15.3/jackson-annotations-2.15.3.jar:/Users/eliotsong/.m2/repository/com/fasterxml/jackson/core/jackson-core/2.15.3/jackson-core-2.15.3.jar:/Users/eliotsong/.m2/repository/org/springdoc/springdoc-openapi-starter-webmvc-ui/2.2.0/springdoc-openapi-starter-webmvc-ui-2.2.0.jar:/Users/eliotsong/.m2/repository/org/springdoc/springdoc-openapi-starter-webmvc-api/2.2.0/springdoc-openapi-starter-webmvc-api-2.2.0.jar:/Users/eliotsong/.m2/repository/org/springdoc/springdoc-openapi-starter-common/2.2.0/springdoc-openapi-starter-common-2.2.0.jar:/Users/eliotsong/.m2/repository/io/swagger/core/v3/swagger-core-jakarta/2.2.15/swagger-core-jakarta-2.2.15.jar:/Users/eliotsong/.m2/repository/io/swagger/core/v3/swagger-annotations-jakarta/2.2.15/swagger-annotations-jakarta-2.2.15.jar:/Users/eliotsong/.m2/repository/io/swagger/core/v3/swagger-models-jakarta/2.2.15/swagger-models-jakarta-2.2.15.jar:/Users/eliotsong/.m2/repository/com/fasterxml/jackson/dataformat/jackson-dataformat-yaml/2.15.3/jackson-dataformat-yaml-2.15.3.jar:/Users/eliotsong/.m2/repository/org/webjars/swagger-ui/5.2.0/swagger-ui-5.2.0.jar:/Users/eliotsong/.m2/repository/org/springframework/boot/spring-boot-starter-test/3.2.0/spring-boot-starter-test-3.2.0.jar:/Users/eliotsong/.m2/repository/org/springframework/boot/spring-boot-test/3.2.0/spring-boot-test-3.2.0.jar:/Users/eliotsong/.m2/repository/org/springframework/boot/spring-boot-test-autoconfigure/3.2.0/spring-boot-test-autoconfigure-3.2.0.jar:/Users/eliotsong/.m2/repository/com/jayway/jsonpath/json-path/2.8.0/json-path-2.8.0.jar:/Users/eliotsong/.m2/repository/jakarta/xml/bind/jakarta.xml.bind-api/4.0.1/jakarta.xml.bind-api-4.0.1.jar:/Users/eliotsong/.m2/repository/jakarta/activation/jakarta.activation-api/2.1.2/jakarta.activation-api-2.1.2.jar:/Users/eliotsong/.m2/repository/net/minidev/json-smart/2.5.0/json-smart-2.5.0.jar:/Users/eliotsong/.m2/repository/net/minidev/accessors-smart/2.5.0/accessors-smart-2.5.0.jar:/Users/eliotsong/.m2/repository/org/assertj/assertj-core/3.24.2/assertj-core-3.24.2.jar:/Users/eliotsong/.m2/repository/org/awaitility/awaitility/4.2.0/awaitility-4.2.0.jar:/Users/eliotsong/.m2/repository/org/hamcrest/hamcrest/2.2/hamcrest-2.2.jar:/Users/eliotsong/.m2/repository/org/junit/jupiter/junit-jupiter/5.10.1/junit-jupiter-5.10.1.jar:/Users/eliotsong/.m2/repository/org/junit/jupiter/junit-jupiter-api/5.10.1/junit-jupiter-api-5.10.1.jar:/Users/eliotsong/.m2/repository/org/opentest4j/opentest4j/1.3.0/opentest4j-1.3.0.jar:/Users/eliotsong/.m2/repository/org/junit/platform/junit-platform-commons/1.10.1/junit-platform-commons-1.10.1.jar:/Users/eliotsong/.m2/repository/org/apiguardian/apiguardian-api/1.1.2/apiguardian-api-1.1.2.jar:/Users/eliotsong/.m2/repository/org/junit/jupiter/junit-jupiter-params/5.10.1/junit-jupiter-params-5.10.1.jar:/Users/eliotsong/.m2/repository/org/junit/jupiter/junit-jupiter-engine/5.10.1/junit-jupiter-engine-5.10.1.jar:/Users/eliotsong/.m2/repository/org/junit/platform/junit-platform-engine/1.10.1/junit-platform-engine-1.10.1.jar:/Users/eliotsong/.m2/repository/org/mockito/mockito-core/5.5.0/mockito-core-5.5.0.jar:/Users/eliotsong/.m2/repository/net/bytebuddy/byte-buddy-agent/1.14.10/byte-buddy-agent-1.14.10.jar:/Users/eliotsong/.m2/repository/org/objenesis/objenesis/3.3/objenesis-3.3.jar:/Users/eliotsong/.m2/repository/org/mockito/mockito-junit-jupiter/5.5.0/mockito-junit-jupiter-5.5.0.jar:/Users/eliotsong/.m2/repository/org/skyscreamer/jsonassert/1.5.1/jsonassert-1.5.1.jar:/Users/eliotsong/.m2/repository/com/vaadin/external/google/android-json/0.0.20131108.vaadin1/android-json-0.0.20131108.vaadin1.jar:/Users/eliotsong/.m2/repository/org/springframework/spring-core/6.1.1/spring-core-6.1.1.jar:/Users/eliotsong/.m2/repository/org/springframework/spring-jcl/6.1.1/spring-jcl-6.1.1.jar:/Users/eliotsong/.m2/repository/org/springframework/spring-test/6.1.1/spring-test-6.1.1.jar:/Users/eliotsong/.m2/repository/org/xmlunit/xmlunit-core/2.9.1/xmlunit-core-2.9.1.jar:/Users/eliotsong/.m2/repository/org/springframework/security/spring-security-test/6.2.0/spring-security-test-6.2.0.jar:/Users/eliotsong/.m2/repository/org/springframework/security/spring-security-core/6.2.0/spring-security-core-6.2.0.jar:/Users/eliotsong/.m2/repository/org/springframework/security/spring-security-crypto/6.2.0/spring-security-crypto-6.2.0.jar:/Users/eliotsong/.m2/repository/org/testcontainers/junit-jupiter/1.19.3/junit-jupiter-1.19.3.jar:/Users/eliotsong/.m2/repository/org/testcontainers/testcontainers/1.19.3/testcontainers-1.19.3.jar:/Users/eliotsong/.m2/repository/junit/junit/4.13.2/junit-4.13.2.jar:/Users/eliotsong/.m2/repository/org/apache/commons/commons-compress/1.24.0/commons-compress-1.24.0.jar:/Users/eliotsong/.m2/repository/org/rnorth/duct-tape/duct-tape/1.0.8/duct-tape-1.0.8.jar:/Users/eliotsong/.m2/repository/org/jetbrains/annotations/17.0.0/annotations-17.0.0.jar:/Users/eliotsong/.m2/repository/com/github/docker-java/docker-java-api/3.3.4/docker-java-api-3.3.4.jar:/Users/eliotsong/.m2/repository/com/github/docker-java/docker-java-transport-zerodep/3.3.4/docker-java-transport-zerodep-3.3.4.jar:/Users/eliotsong/.m2/repository/com/github/docker-java/docker-java-transport/3.3.4/docker-java-transport-3.3.4.jar:/Users/eliotsong/.m2/repository/net/java/dev/jna/jna/5.13.0/jna-5.13.0.jar:/Users/eliotsong/.m2/repository/org/testcontainers/postgresql/1.19.3/postgresql-1.19.3.jar:/Users/eliotsong/.m2/repository/org/testcontainers/jdbc/1.19.3/jdbc-1.19.3.jar:/Users/eliotsong/.m2/repository/org/testcontainers/database-commons/1.19.3/database-commons-1.19.3.jar:/Users/eliotsong/.m2/repository/org/mockito/mockito-inline/4.11.0/mockito-inline-4.11.0.jar:/Users/eliotsong/.m2/repository/com/github/tomakehurst/wiremock-jre8/2.35.0/wiremock-jre8-2.35.0.jar:/Users/eliotsong/.m2/repository/org/eclipse/jetty/jetty-server/12.0.3/jetty-server-12.0.3.jar:/Users/eliotsong/.m2/repository/org/eclipse/jetty/jetty-http/12.0.3/jetty-http-12.0.3.jar:/Users/eliotsong/.m2/repository/org/eclipse/jetty/jetty-io/12.0.3/jetty-io-12.0.3.jar:/Users/eliotsong/.m2/repository/org/eclipse/jetty/jetty-servlet/9.4.49.v20220914/jetty-servlet-9.4.49.v20220914.jar:/Users/eliotsong/.m2/repository/org/eclipse/jetty/jetty-security/12.0.3/jetty-security-12.0.3.jar:/Users/eliotsong/.m2/repository/org/eclipse/jetty/jetty-util-ajax/12.0.3/jetty-util-ajax-12.0.3.jar:/Users/eliotsong/.m2/repository/org/eclipse/jetty/jetty-servlets/9.4.49.v20220914/jetty-servlets-9.4.49.v20220914.jar:/Users/eliotsong/.m2/repository/org/eclipse/jetty/jetty-continuation/9.4.49.v20220914/jetty-continuation-9.4.49.v20220914.jar:/Users/eliotsong/.m2/repository/org/eclipse/jetty/jetty-util/12.0.3/jetty-util-12.0.3.jar:/Users/eliotsong/.m2/repository/org/eclipse/jetty/jetty-webapp/9.4.49.v20220914/jetty-webapp-9.4.49.v20220914.jar:/Users/eliotsong/.m2/repository/org/eclipse/jetty/jetty-xml/12.0.3/jetty-xml-12.0.3.jar:/Users/eliotsong/.m2/repository/org/eclipse/jetty/jetty-proxy/12.0.3/jetty-proxy-12.0.3.jar:/Users/eliotsong/.m2/repository/org/eclipse/jetty/jetty-client/12.0.3/jetty-client-12.0.3.jar:/Users/eliotsong/.m2/repository/org/eclipse/jetty/http2/http2-server/9.4.49.v20220914/http2-server-9.4.49.v20220914.jar:/Users/eliotsong/.m2/repository/org/eclipse/jetty/http2/http2-common/9.4.49.v20220914/http2-common-9.4.49.v20220914.jar:/Users/eliotsong/.m2/repository/org/eclipse/jetty/http2/http2-hpack/9.4.49.v20220914/http2-hpack-9.4.49.v20220914.jar:/Users/eliotsong/.m2/repository/org/eclipse/jetty/jetty-alpn-server/12.0.3/jetty-alpn-server-12.0.3.jar:/Users/eliotsong/.m2/repository/org/eclipse/jetty/jetty-alpn-java-server/12.0.3/jetty-alpn-java-server-12.0.3.jar:/Users/eliotsong/.m2/repository/org/eclipse/jetty/jetty-alpn-openjdk8-server/9.4.49.v20220914/jetty-alpn-openjdk8-server-9.4.49.v20220914.jar:/Users/eliotsong/.m2/repository/org/eclipse/jetty/jetty-alpn-java-client/12.0.3/jetty-alpn-java-client-12.0.3.jar:/Users/eliotsong/.m2/repository/org/eclipse/jetty/jetty-alpn-client/12.0.3/jetty-alpn-client-12.0.3.jar:/Users/eliotsong/.m2/repository/org/eclipse/jetty/jetty-alpn-openjdk8-client/9.4.49.v20220914/jetty-alpn-openjdk8-client-9.4.49.v20220914.jar:/Users/eliotsong/.m2/repository/com/google/guava/guava/31.1-jre/guava-31.1-jre.jar:/Users/eliotsong/.m2/repository/com/google/guava/failureaccess/1.0.1/failureaccess-1.0.1.jar:/Users/eliotsong/.m2/repository/com/google/guava/listenablefuture/9999.0-empty-to-avoid-conflict-with-guava/listenablefuture-9999.0-empty-to-avoid-conflict-with-guava.jar:/Users/eliotsong/.m2/repository/com/google/code/findbugs/jsr305/3.0.2/jsr305-3.0.2.jar:/Users/eliotsong/.m2/repository/com/google/errorprone/error_prone_annotations/2.11.0/error_prone_annotations-2.11.0.jar:/Users/eliotsong/.m2/repository/com/google/j2objc/j2objc-annotations/1.3/j2objc-annotations-1.3.jar:/Users/eliotsong/.m2/repository/org/apache/httpcomponents/client5/httpclient5/5.2.1/httpclient5-5.2.1.jar:/Users/eliotsong/.m2/repository/org/apache/httpcomponents/core5/httpcore5/5.2.3/httpcore5-5.2.3.jar:/Users/eliotsong/.m2/repository/org/apache/httpcomponents/core5/httpcore5-h2/5.2.3/httpcore5-h2-5.2.3.jar:/Users/eliotsong/.m2/repository/org/xmlunit/xmlunit-legacy/2.9.1/xmlunit-legacy-2.9.1.jar:/Users/eliotsong/.m2/repository/org/xmlunit/xmlunit-placeholders/2.9.1/xmlunit-placeholders-2.9.1.jar:/Users/eliotsong/.m2/repository/net/javacrumbs/json-unit/json-unit-core/2.36.0/json-unit-core-2.36.0.jar:/Users/eliotsong/.m2/repository/org/hamcrest/hamcrest-core/2.2/hamcrest-core-2.2.jar:/Users/eliotsong/.m2/repository/org/ow2/asm/asm/9.4/asm-9.4.jar:/Users/eliotsong/.m2/repository/net/sf/jopt-simple/jopt-simple/5.0.4/jopt-simple-5.0.4.jar:/Users/eliotsong/.m2/repository/org/apache/commons/commons-lang3/3.13.0/commons-lang3-3.13.0.jar:/Users/eliotsong/.m2/repository/com/github/jknack/handlebars/4.3.1/handlebars-4.3.1.jar:/Users/eliotsong/.m2/repository/com/github/jknack/handlebars-helpers/4.3.1/handlebars-helpers-4.3.1.jar:/Users/eliotsong/.m2/repository/commons-fileupload/commons-fileupload/1.4/commons-fileupload-1.4.jar:/Users/eliotsong/.m2/repository/commons-io/commons-io/2.11.0/commons-io-2.11.0.jar:"/>
    <property name="java.vm.vendor" value="Oracle Corporation"/>
    <property name="sun.arch.data.model" value="64"/>
    <property name="net.bytebuddy.experimental" value="true"/>
    <property name="java.vendor.url" value="https://java.oracle.com/"/>
    <property name="user.timezone" value="Asia/Seoul"/>
    <property name="os.name" value="Mac OS X"/>
    <property name="java.vm.specification.version" value="24"/>
    <property name="sun.java.launcher" value="SUN_STANDARD"/>
    <property name="user.country" value="KR"/>
    <property name="sun.boot.library.path" value="/Library/Java/JavaVirtualMachines/jdk-24.jdk/Contents/Home/lib"/>
    <property name="sun.java.command" value="/Users/eliotsong/Documents/I. Program/test-sample_/AI-Maketing assistant_/backend/target/surefire/surefirebooter-20250826154409947_3.jar /Users/eliotsong/Documents/I. Program/test-sample_/AI-Maketing assistant_/backend/target/surefire 2025-08-26T15-44-09_871-jvmRun1 surefire-20250826154409947_1tmp surefire_0-20250826154409947_2tmp"/>
    <property name="http.nonProxyHosts" value="local|*.local|169.254/16|*.169.254/16|localhost|*.localhost"/>
    <property name="jdk.debug" value="release"/>
    <property name="test" value="AuditLoggingServiceTest"/>
    <property name="surefire.test.class.path" value="/Users/eliotsong/Documents/I. Program/test-sample_/AI-Maketing assistant_/backend/target/test-classes:/Users/eliotsong/Documents/I. Program/test-sample_/AI-Maketing assistant_/backend/target/classes:/Users/eliotsong/.m2/repository/org/springframework/boot/spring-boot-starter-web/3.2.0/spring-boot-starter-web-3.2.0.jar:/Users/eliotsong/.m2/repository/org/springframework/boot/spring-boot-starter/3.2.0/spring-boot-starter-3.2.0.jar:/Users/eliotsong/.m2/repository/org/springframework/boot/spring-boot/3.2.0/spring-boot-3.2.0.jar:/Users/eliotsong/.m2/repository/org/springframework/boot/spring-boot-autoconfigure/3.2.0/spring-boot-autoconfigure-3.2.0.jar:/Users/eliotsong/.m2/repository/org/springframework/boot/spring-boot-starter-logging/3.2.0/spring-boot-starter-logging-3.2.0.jar:/Users/eliotsong/.m2/repository/ch/qos/logback/logback-classic/1.4.11/logback-classic-1.4.11.jar:/Users/eliotsong/.m2/repository/ch/qos/logback/logback-core/1.4.11/logback-core-1.4.11.jar:/Users/eliotsong/.m2/repository/org/apache/logging/log4j/log4j-to-slf4j/2.21.1/log4j-to-slf4j-2.21.1.jar:/Users/eliotsong/.m2/repository/org/apache/logging/log4j/log4j-api/2.21.1/log4j-api-2.21.1.jar:/Users/eliotsong/.m2/repository/org/slf4j/jul-to-slf4j/2.0.9/jul-to-slf4j-2.0.9.jar:/Users/eliotsong/.m2/repository/jakarta/annotation/jakarta.annotation-api/2.1.1/jakarta.annotation-api-2.1.1.jar:/Users/eliotsong/.m2/repository/org/yaml/snakeyaml/2.2/snakeyaml-2.2.jar:/Users/eliotsong/.m2/repository/org/springframework/boot/spring-boot-starter-json/3.2.0/spring-boot-starter-json-3.2.0.jar:/Users/eliotsong/.m2/repository/com/fasterxml/jackson/datatype/jackson-datatype-jdk8/2.15.3/jackson-datatype-jdk8-2.15.3.jar:/Users/eliotsong/.m2/repository/com/fasterxml/jackson/datatype/jackson-datatype-jsr310/2.15.3/jackson-datatype-jsr310-2.15.3.jar:/Users/eliotsong/.m2/repository/com/fasterxml/jackson/module/jackson-module-parameter-names/2.15.3/jackson-module-parameter-names-2.15.3.jar:/Users/eliotsong/.m2/repository/org/springframework/boot/spring-boot-starter-tomcat/3.2.0/spring-boot-starter-tomcat-3.2.0.jar:/Users/eliotsong/.m2/repository/org/apache/tomcat/embed/tomcat-embed-core/10.1.16/tomcat-embed-core-10.1.16.jar:/Users/eliotsong/.m2/repository/org/apache/tomcat/embed/tomcat-embed-websocket/10.1.16/tomcat-embed-websocket-10.1.16.jar:/Users/eliotsong/.m2/repository/org/springframework/spring-web/6.1.1/spring-web-6.1.1.jar:/Users/eliotsong/.m2/repository/org/springframework/spring-beans/6.1.1/spring-beans-6.1.1.jar:/Users/eliotsong/.m2/repository/io/micrometer/micrometer-observation/1.12.0/micrometer-observation-1.12.0.jar:/Users/eliotsong/.m2/repository/io/micrometer/micrometer-commons/1.12.0/micrometer-commons-1.12.0.jar:/Users/eliotsong/.m2/repository/org/springframework/spring-webmvc/6.1.1/spring-webmvc-6.1.1.jar:/Users/eliotsong/.m2/repository/org/springframework/spring-context/6.1.1/spring-context-6.1.1.jar:/Users/eliotsong/.m2/repository/org/springframework/spring-expression/6.1.1/spring-expression-6.1.1.jar:/Users/eliotsong/.m2/repository/org/springframework/boot/spring-boot-starter-data-jpa/3.2.0/spring-boot-starter-data-jpa-3.2.0.jar:/Users/eliotsong/.m2/repository/org/springframework/boot/spring-boot-starter-aop/3.2.0/spring-boot-starter-aop-3.2.0.jar:/Users/eliotsong/.m2/repository/org/aspectj/aspectjweaver/1.9.20.1/aspectjweaver-1.9.20.1.jar:/Users/eliotsong/.m2/repository/org/springframework/boot/spring-boot-starter-jdbc/3.2.0/spring-boot-starter-jdbc-3.2.0.jar:/Users/eliotsong/.m2/repository/com/zaxxer/HikariCP/5.0.1/HikariCP-5.0.1.jar:/Users/eliotsong/.m2/repository/org/springframework/spring-jdbc/6.1.1/spring-jdbc-6.1.1.jar:/Users/eliotsong/.m2/repository/org/hibernate/orm/hibernate-core/6.3.1.Final/hibernate-core-6.3.1.Final.jar:/Users/eliotsong/.m2/repository/jakarta/persistence/jakarta.persistence-api/3.1.0/jakarta.persistence-api-3.1.0.jar:/Users/eliotsong/.m2/repository/jakarta/transaction/jakarta.transaction-api/2.0.1/jakarta.transaction-api-2.0.1.jar:/Users/eliotsong/.m2/repository/org/jboss/logging/jboss-logging/3.5.3.Final/jboss-logging-3.5.3.Final.jar:/Users/eliotsong/.m2/repository/org/hibernate/common/hibernate-commons-annotations/6.0.6.Final/hibernate-commons-annotations-6.0.6.Final.jar:/Users/eliotsong/.m2/repository/io/smallrye/jandex/3.1.2/jandex-3.1.2.jar:/Users/eliotsong/.m2/repository/com/fasterxml/classmate/1.6.0/classmate-1.6.0.jar:/Users/eliotsong/.m2/repository/net/bytebuddy/byte-buddy/1.14.10/byte-buddy-1.14.10.jar:/Users/eliotsong/.m2/repository/org/glassfish/jaxb/jaxb-runtime/4.0.4/jaxb-runtime-4.0.4.jar:/Users/eliotsong/.m2/repository/org/glassfish/jaxb/jaxb-core/4.0.4/jaxb-core-4.0.4.jar:/Users/eliotsong/.m2/repository/org/eclipse/angus/angus-activation/2.0.1/angus-activation-2.0.1.jar:/Users/eliotsong/.m2/repository/org/glassfish/jaxb/txw2/4.0.4/txw2-4.0.4.jar:/Users/eliotsong/.m2/repository/com/sun/istack/istack-commons-runtime/4.1.2/istack-commons-runtime-4.1.2.jar:/Users/eliotsong/.m2/repository/jakarta/inject/jakarta.inject-api/2.0.1/jakarta.inject-api-2.0.1.jar:/Users/eliotsong/.m2/repository/org/antlr/antlr4-runtime/4.10.1/antlr4-runtime-4.10.1.jar:/Users/eliotsong/.m2/repository/org/springframework/data/spring-data-jpa/3.2.0/spring-data-jpa-3.2.0.jar:/Users/eliotsong/.m2/repository/org/springframework/data/spring-data-commons/3.2.0/spring-data-commons-3.2.0.jar:/Users/eliotsong/.m2/repository/org/springframework/spring-orm/6.1.1/spring-orm-6.1.1.jar:/Users/eliotsong/.m2/repository/org/springframework/spring-tx/6.1.1/spring-tx-6.1.1.jar:/Users/eliotsong/.m2/repository/org/springframework/spring-aspects/6.1.1/spring-aspects-6.1.1.jar:/Users/eliotsong/.m2/repository/org/springframework/boot/spring-boot-starter-security/3.2.0/spring-boot-starter-security-3.2.0.jar:/Users/eliotsong/.m2/repository/org/springframework/spring-aop/6.1.1/spring-aop-6.1.1.jar:/Users/eliotsong/.m2/repository/org/springframework/security/spring-security-config/6.2.0/spring-security-config-6.2.0.jar:/Users/eliotsong/.m2/repository/org/springframework/security/spring-security-web/6.2.0/spring-security-web-6.2.0.jar:/Users/eliotsong/.m2/repository/org/springframework/boot/spring-boot-starter-validation/3.2.0/spring-boot-starter-validation-3.2.0.jar:/Users/eliotsong/.m2/repository/org/apache/tomcat/embed/tomcat-embed-el/10.1.16/tomcat-embed-el-10.1.16.jar:/Users/eliotsong/.m2/repository/org/hibernate/validator/hibernate-validator/8.0.1.Final/hibernate-validator-8.0.1.Final.jar:/Users/eliotsong/.m2/repository/jakarta/validation/jakarta.validation-api/3.0.2/jakarta.validation-api-3.0.2.jar:/Users/eliotsong/.m2/repository/org/springframework/boot/spring-boot-starter-websocket/3.2.0/spring-boot-starter-websocket-3.2.0.jar:/Users/eliotsong/.m2/repository/org/springframework/spring-messaging/6.1.1/spring-messaging-6.1.1.jar:/Users/eliotsong/.m2/repository/org/springframework/spring-websocket/6.1.1/spring-websocket-6.1.1.jar:/Users/eliotsong/.m2/repository/org/springframework/boot/spring-boot-starter-data-redis/3.2.0/spring-boot-starter-data-redis-3.2.0.jar:/Users/eliotsong/.m2/repository/io/lettuce/lettuce-core/6.3.0.RELEASE/lettuce-core-6.3.0.RELEASE.jar:/Users/eliotsong/.m2/repository/io/netty/netty-common/4.1.101.Final/netty-common-4.1.101.Final.jar:/Users/eliotsong/.m2/repository/io/netty/netty-handler/4.1.101.Final/netty-handler-4.1.101.Final.jar:/Users/eliotsong/.m2/repository/io/netty/netty-transport-native-unix-common/4.1.101.Final/netty-transport-native-unix-common-4.1.101.Final.jar:/Users/eliotsong/.m2/repository/io/netty/netty-transport/4.1.101.Final/netty-transport-4.1.101.Final.jar:/Users/eliotsong/.m2/repository/io/projectreactor/reactor-core/3.6.0/reactor-core-3.6.0.jar:/Users/eliotsong/.m2/repository/org/springframework/data/spring-data-redis/3.2.0/spring-data-redis-3.2.0.jar:/Users/eliotsong/.m2/repository/org/springframework/data/spring-data-keyvalue/3.2.0/spring-data-keyvalue-3.2.0.jar:/Users/eliotsong/.m2/repository/org/springframework/spring-oxm/6.1.1/spring-oxm-6.1.1.jar:/Users/eliotsong/.m2/repository/org/springframework/spring-context-support/6.1.1/spring-context-support-6.1.1.jar:/Users/eliotsong/.m2/repository/redis/clients/jedis/5.0.2/jedis-5.0.2.jar:/Users/eliotsong/.m2/repository/org/slf4j/slf4j-api/2.0.9/slf4j-api-2.0.9.jar:/Users/eliotsong/.m2/repository/org/apache/commons/commons-pool2/2.12.0/commons-pool2-2.12.0.jar:/Users/eliotsong/.m2/repository/org/json/json/20231013/json-20231013.jar:/Users/eliotsong/.m2/repository/com/google/code/gson/gson/2.10.1/gson-2.10.1.jar:/Users/eliotsong/.m2/repository/software/amazon/awssdk/bedrock/2.21.0/bedrock-2.21.0.jar:/Users/eliotsong/.m2/repository/software/amazon/awssdk/protocol-core/2.21.0/protocol-core-2.21.0.jar:/Users/eliotsong/.m2/repository/software/amazon/awssdk/aws-json-protocol/2.21.0/aws-json-protocol-2.21.0.jar:/Users/eliotsong/.m2/repository/software/amazon/awssdk/third-party-jackson-core/2.21.0/third-party-jackson-core-2.21.0.jar:/Users/eliotsong/.m2/repository/software/amazon/awssdk/http-auth-aws/2.21.0/http-auth-aws-2.21.0.jar:/Users/eliotsong/.m2/repository/software/amazon/awssdk/checksums-spi/2.21.0/checksums-spi-2.21.0.jar:/Users/eliotsong/.m2/repository/software/amazon/awssdk/checksums/2.21.0/checksums-2.21.0.jar:/Users/eliotsong/.m2/repository/software/amazon/awssdk/sdk-core/2.21.0/sdk-core-2.21.0.jar:/Users/eliotsong/.m2/repository/org/reactivestreams/reactive-streams/1.0.4/reactive-streams-1.0.4.jar:/Users/eliotsong/.m2/repository/software/amazon/awssdk/auth/2.21.0/auth-2.21.0.jar:/Users/eliotsong/.m2/repository/software/amazon/eventstream/eventstream/1.0.1/eventstream-1.0.1.jar:/Users/eliotsong/.m2/repository/software/amazon/awssdk/http-auth-spi/2.21.0/http-auth-spi-2.21.0.jar:/Users/eliotsong/.m2/repository/software/amazon/awssdk/http-auth/2.21.0/http-auth-2.21.0.jar:/Users/eliotsong/.m2/repository/software/amazon/awssdk/identity-spi/2.21.0/identity-spi-2.21.0.jar:/Users/eliotsong/.m2/repository/software/amazon/awssdk/http-client-spi/2.21.0/http-client-spi-2.21.0.jar:/Users/eliotsong/.m2/repository/software/amazon/awssdk/regions/2.21.0/regions-2.21.0.jar:/Users/eliotsong/.m2/repository/software/amazon/awssdk/annotations/2.21.0/annotations-2.21.0.jar:/Users/eliotsong/.m2/repository/software/amazon/awssdk/utils/2.21.0/utils-2.21.0.jar:/Users/eliotsong/.m2/repository/software/amazon/awssdk/aws-core/2.21.0/aws-core-2.21.0.jar:/Users/eliotsong/.m2/repository/software/amazon/awssdk/metrics-spi/2.21.0/metrics-spi-2.21.0.jar:/Users/eliotsong/.m2/repository/software/amazon/awssdk/json-utils/2.21.0/json-utils-2.21.0.jar:/Users/eliotsong/.m2/repository/software/amazon/awssdk/endpoints-spi/2.21.0/endpoints-spi-2.21.0.jar:/Users/eliotsong/.m2/repository/software/amazon/awssdk/profiles/2.21.0/profiles-2.21.0.jar:/Users/eliotsong/.m2/repository/software/amazon/awssdk/apache-client/2.21.0/apache-client-2.21.0.jar:/Users/eliotsong/.m2/repository/org/apache/httpcomponents/httpclient/4.5.13/httpclient-4.5.13.jar:/Users/eliotsong/.m2/repository/commons-logging/commons-logging/1.2/commons-logging-1.2.jar:/Users/eliotsong/.m2/repository/org/apache/httpcomponents/httpcore/4.4.16/httpcore-4.4.16.jar:/Users/eliotsong/.m2/repository/commons-codec/commons-codec/1.16.0/commons-codec-1.16.0.jar:/Users/eliotsong/.m2/repository/software/amazon/awssdk/netty-nio-client/2.21.0/netty-nio-client-2.21.0.jar:/Users/eliotsong/.m2/repository/io/netty/netty-codec-http/4.1.101.Final/netty-codec-http-4.1.101.Final.jar:/Users/eliotsong/.m2/repository/io/netty/netty-codec-http2/4.1.101.Final/netty-codec-http2-4.1.101.Final.jar:/Users/eliotsong/.m2/repository/io/netty/netty-codec/4.1.101.Final/netty-codec-4.1.101.Final.jar:/Users/eliotsong/.m2/repository/io/netty/netty-buffer/4.1.101.Final/netty-buffer-4.1.101.Final.jar:/Users/eliotsong/.m2/repository/io/netty/netty-transport-classes-epoll/4.1.101.Final/netty-transport-classes-epoll-4.1.101.Final.jar:/Users/eliotsong/.m2/repository/io/netty/netty-resolver/4.1.101.Final/netty-resolver-4.1.101.Final.jar:/Users/eliotsong/.m2/repository/software/amazon/awssdk/bedrockruntime/2.21.0/bedrockruntime-2.21.0.jar:/Users/eliotsong/.m2/repository/software/amazon/awssdk/s3/2.21.0/s3-2.21.0.jar:/Users/eliotsong/.m2/repository/software/amazon/awssdk/aws-xml-protocol/2.21.0/aws-xml-protocol-2.21.0.jar:/Users/eliotsong/.m2/repository/software/amazon/awssdk/aws-query-protocol/2.21.0/aws-query-protocol-2.21.0.jar:/Users/eliotsong/.m2/repository/software/amazon/awssdk/arns/2.21.0/arns-2.21.0.jar:/Users/eliotsong/.m2/repository/software/amazon/awssdk/crt-core/2.21.0/crt-core-2.21.0.jar:/Users/eliotsong/.m2/repository/software/amazon/awssdk/cognitoidentityprovider/2.21.0/cognitoidentityprovider-2.21.0.jar:/Users/eliotsong/.m2/repository/io/jsonwebtoken/jjwt-api/0.11.5/jjwt-api-0.11.5.jar:/Users/eliotsong/.m2/repository/io/jsonwebtoken/jjwt-impl/0.11.5/jjwt-impl-0.11.5.jar:/Users/eliotsong/.m2/repository/io/jsonwebtoken/jjwt-jackson/0.11.5/jjwt-jackson-0.11.5.jar:/Users/eliotsong/.m2/repository/com/h2database/h2/2.2.224/h2-2.2.224.jar:/Users/eliotsong/.m2/repository/org/postgresql/postgresql/42.6.0/postgresql-42.6.0.jar:/Users/eliotsong/.m2/repository/org/checkerframework/checker-qual/3.31.0/checker-qual-3.31.0.jar:/Users/eliotsong/.m2/repository/com/fasterxml/jackson/core/jackson-databind/2.15.3/jackson-databind-2.15.3.jar:/Users/eliotsong/.m2/repository/com/fasterxml/jackson/core/jackson-annotations/2.15.3/jackson-annotations-2.15.3.jar:/Users/eliotsong/.m2/repository/com/fasterxml/jackson/core/jackson-core/2.15.3/jackson-core-2.15.3.jar:/Users/eliotsong/.m2/repository/org/springdoc/springdoc-openapi-starter-webmvc-ui/2.2.0/springdoc-openapi-starter-webmvc-ui-2.2.0.jar:/Users/eliotsong/.m2/repository/org/springdoc/springdoc-openapi-starter-webmvc-api/2.2.0/springdoc-openapi-starter-webmvc-api-2.2.0.jar:/Users/eliotsong/.m2/repository/org/springdoc/springdoc-openapi-starter-common/2.2.0/springdoc-openapi-starter-common-2.2.0.jar:/Users/eliotsong/.m2/repository/io/swagger/core/v3/swagger-core-jakarta/2.2.15/swagger-core-jakarta-2.2.15.jar:/Users/eliotsong/.m2/repository/io/swagger/core/v3/swagger-annotations-jakarta/2.2.15/swagger-annotations-jakarta-2.2.15.jar:/Users/eliotsong/.m2/repository/io/swagger/core/v3/swagger-models-jakarta/2.2.15/swagger-models-jakarta-2.2.15.jar:/Users/eliotsong/.m2/repository/com/fasterxml/jackson/dataformat/jackson-dataformat-yaml/2.15.3/jackson-dataformat-yaml-2.15.3.jar:/Users/eliotsong/.m2/repository/org/webjars/swagger-ui/5.2.0/swagger-ui-5.2.0.jar:/Users/eliotsong/.m2/repository/org/springframework/boot/spring-boot-starter-test/3.2.0/spring-boot-starter-test-3.2.0.jar:/Users/eliotsong/.m2/repository/org/springframework/boot/spring-boot-test/3.2.0/spring-boot-test-3.2.0.jar:/Users/eliotsong/.m2/repository/org/springframework/boot/spring-boot-test-autoconfigure/3.2.0/spring-boot-test-autoconfigure-3.2.0.jar:/Users/eliotsong/.m2/repository/com/jayway/jsonpath/json-path/2.8.0/json-path-2.8.0.jar:/Users/eliotsong/.m2/repository/jakarta/xml/bind/jakarta.xml.bind-api/4.0.1/jakarta.xml.bind-api-4.0.1.jar:/Users/eliotsong/.m2/repository/jakarta/activation/jakarta.activation-api/2.1.2/jakarta.activation-api-2.1.2.jar:/Users/eliotsong/.m2/repository/net/minidev/json-smart/2.5.0/json-smart-2.5.0.jar:/Users/eliotsong/.m2/repository/net/minidev/accessors-smart/2.5.0/accessors-smart-2.5.0.jar:/Users/eliotsong/.m2/repository/org/assertj/assertj-core/3.24.2/assertj-core-3.24.2.jar:/Users/eliotsong/.m2/repository/org/awaitility/awaitility/4.2.0/awaitility-4.2.0.jar:/Users/eliotsong/.m2/repository/org/hamcrest/hamcrest/2.2/hamcrest-2.2.jar:/Users/eliotsong/.m2/repository/org/junit/jupiter/junit-jupiter/5.10.1/junit-jupiter-5.10.1.jar:/Users/eliotsong/.m2/repository/org/junit/jupiter/junit-jupiter-api/5.10.1/junit-jupiter-api-5.10.1.jar:/Users/eliotsong/.m2/repository/org/opentest4j/opentest4j/1.3.0/opentest4j-1.3.0.jar:/Users/eliotsong/.m2/repository/org/junit/platform/junit-platform-commons/1.10.1/junit-platform-commons-1.10.1.jar:/Users/eliotsong/.m2/repository/org/apiguardian/apiguardian-api/1.1.2/apiguardian-api-1.1.2.jar:/Users/eliotsong/.m2/repository/org/junit/jupiter/junit-jupiter-params/5.10.1/junit-jupiter-params-5.10.1.jar:/Users/eliotsong/.m2/repository/org/junit/jupiter/junit-jupiter-engine/5.10.1/junit-jupiter-engine-5.10.1.jar:/Users/eliotsong/.m2/repository/org/junit/platform/junit-platform-engine/1.10.1/junit-platform-engine-1.10.1.jar:/Users/eliotsong/.m2/repository/org/mockito/mockito-core/5.5.0/mockito-core-5.5.0.jar:/Users/eliotsong/.m2/repository/net/bytebuddy/byte-buddy-agent/1.14.10/byte-buddy-agent-1.14.10.jar:/Users/eliotsong/.m2/repository/org/objenesis/objenesis/3.3/objenesis-3.3.jar:/Users/eliotsong/.m2/repository/org/mockito/mockito-junit-jupiter/5.5.0/mockito-junit-jupiter-5.5.0.jar:/Users/eliotsong/.m2/repository/org/skyscreamer/jsonassert/1.5.1/jsonassert-1.5.1.jar:/Users/eliotsong/.m2/repository/com/vaadin/external/google/android-json/0.0.20131108.vaadin1/android-json-0.0.20131108.vaadin1.jar:/Users/eliotsong/.m2/repository/org/springframework/spring-core/6.1.1/spring-core-6.1.1.jar:/Users/eliotsong/.m2/repository/org/springframework/spring-jcl/6.1.1/spring-jcl-6.1.1.jar:/Users/eliotsong/.m2/repository/org/springframework/spring-test/6.1.1/spring-test-6.1.1.jar:/Users/eliotsong/.m2/repository/org/xmlunit/xmlunit-core/2.9.1/xmlunit-core-2.9.1.jar:/Users/eliotsong/.m2/repository/org/springframework/security/spring-security-test/6.2.0/spring-security-test-6.2.0.jar:/Users/eliotsong/.m2/repository/org/springframework/security/spring-security-core/6.2.0/spring-security-core-6.2.0.jar:/Users/eliotsong/.m2/repository/org/springframework/security/spring-security-crypto/6.2.0/spring-security-crypto-6.2.0.jar:/Users/eliotsong/.m2/repository/org/testcontainers/junit-jupiter/1.19.3/junit-jupiter-1.19.3.jar:/Users/eliotsong/.m2/repository/org/testcontainers/testcontainers/1.19.3/testcontainers-1.19.3.jar:/Users/eliotsong/.m2/repository/junit/junit/4.13.2/junit-4.13.2.jar:/Users/eliotsong/.m2/repository/org/apache/commons/commons-compress/1.24.0/commons-compress-1.24.0.jar:/Users/eliotsong/.m2/repository/org/rnorth/duct-tape/duct-tape/1.0.8/duct-tape-1.0.8.jar:/Users/eliotsong/.m2/repository/org/jetbrains/annotations/17.0.0/annotations-17.0.0.jar:/Users/eliotsong/.m2/repository/com/github/docker-java/docker-java-api/3.3.4/docker-java-api-3.3.4.jar:/Users/eliotsong/.m2/repository/com/github/docker-java/docker-java-transport-zerodep/3.3.4/docker-java-transport-zerodep-3.3.4.jar:/Users/eliotsong/.m2/repository/com/github/docker-java/docker-java-transport/3.3.4/docker-java-transport-3.3.4.jar:/Users/eliotsong/.m2/repository/net/java/dev/jna/jna/5.13.0/jna-5.13.0.jar:/Users/eliotsong/.m2/repository/org/testcontainers/postgresql/1.19.3/postgresql-1.19.3.jar:/Users/eliotsong/.m2/repository/org/testcontainers/jdbc/1.19.3/jdbc-1.19.3.jar:/Users/eliotsong/.m2/repository/org/testcontainers/database-commons/1.19.3/database-commons-1.19.3.jar:/Users/eliotsong/.m2/repository/org/mockito/mockito-inline/4.11.0/mockito-inline-4.11.0.jar:/Users/eliotsong/.m2/repository/com/github/tomakehurst/wiremock-jre8/2.35.0/wiremock-jre8-2.35.0.jar:/Users/eliotsong/.m2/repository/org/eclipse/jetty/jetty-server/12.0.3/jetty-server-12.0.3.jar:/Users/eliotsong/.m2/repository/org/eclipse/jetty/jetty-http/12.0.3/jetty-http-12.0.3.jar:/Users/eliotsong/.m2/repository/org/eclipse/jetty/jetty-io/12.0.3/jetty-io-12.0.3.jar:/Users/eliotsong/.m2/repository/org/eclipse/jetty/jetty-servlet/9.4.49.v20220914/jetty-servlet-9.4.49.v20220914.jar:/Users/eliotsong/.m2/repository/org/eclipse/jetty/jetty-security/12.0.3/jetty-security-12.0.3.jar:/Users/eliotsong/.m2/repository/org/eclipse/jetty/jetty-util-ajax/12.0.3/jetty-util-ajax-12.0.3.jar:/Users/eliotsong/.m2/repository/org/eclipse/jetty/jetty-servlets/9.4.49.v20220914/jetty-servlets-9.4.49.v20220914.jar:/Users/eliotsong/.m2/repository/org/eclipse/jetty/jetty-continuation/9.4.49.v20220914/jetty-continuation-9.4.49.v20220914.jar:/Users/eliotsong/.m2/repository/org/eclipse/jetty/jetty-util/12.0.3/jetty-util-12.0.3.jar:/Users/eliotsong/.m2/repository/org/eclipse/jetty/jetty-webapp/9.4.49.v20220914/jetty-webapp-9.4.49.v20220914.jar:/Users/eliotsong/.m2/repository/org/eclipse/jetty/jetty-xml/12.0.3/jetty-xml-12.0.3.jar:/Users/eliotsong/.m2/repository/org/eclipse/jetty/jetty-proxy/12.0.3/jetty-proxy-12.0.3.jar:/Users/eliotsong/.m2/repository/org/eclipse/jetty/jetty-client/12.0.3/jetty-client-12.0.3.jar:/Users/eliotsong/.m2/repository/org/eclipse/jetty/http2/http2-server/9.4.49.v20220914/http2-server-9.4.49.v20220914.jar:/Users/eliotsong/.m2/repository/org/eclipse/jetty/http2/http2-common/9.4.49.v20220914/http2-common-9.4.49.v20220914.jar:/Users/eliotsong/.m2/repository/org/eclipse/jetty/http2/http2-hpack/9.4.49.v20220914/http2-hpack-9.4.49.v20220914.jar:/Users/eliotsong/.m2/repository/org/eclipse/jetty/jetty-alpn-server/12.0.3/jetty-alpn-server-12.0.3.jar:/Users/eliotsong/.m2/repository/org/eclipse/jetty/jetty-alpn-java-server/12.0.3/jetty-alpn-java-server-12.0.3.jar:/Users/eliotsong/.m2/repository/org/eclipse/jetty/jetty-alpn-openjdk8-server/9.4.49.v20220914/jetty-alpn-openjdk8-server-9.4.49.v20220914.jar:/Users/eliotsong/.m2/repository/org/eclipse/jetty/jetty-alpn-java-client/12.0.3/jetty-alpn-java-client-12.0.3.jar:/Users/eliotsong/.m2/repository/org/eclipse/jetty/jetty-alpn-client/12.0.3/jetty-alpn-client-12.0.3.jar:/Users/eliotsong/.m2/repository/org/eclipse/jetty/jetty-alpn-openjdk8-client/9.4.49.v20220914/jetty-alpn-openjdk8-client-9.4.49.v20220914.jar:/Users/eliotsong/.m2/repository/com/google/guava/guava/31.1-jre/guava-31.1-jre.jar:/Users/eliotsong/.m2/repository/com/google/guava/failureaccess/1.0.1/failureaccess-1.0.1.jar:/Users/eliotsong/.m2/repository/com/google/guava/listenablefuture/9999.0-empty-to-avoid-conflict-with-guava/listenablefuture-9999.0-empty-to-avoid-conflict-with-guava.jar:/Users/eliotsong/.m2/repository/com/google/code/findbugs/jsr305/3.0.2/jsr305-3.0.2.jar:/Users/eliotsong/.m2/repository/com/google/errorprone/error_prone_annotations/2.11.0/error_prone_annotations-2.11.0.jar:/Users/eliotsong/.m2/repository/com/google/j2objc/j2objc-annotations/1.3/j2objc-annotations-1.3.jar:/Users/eliotsong/.m2/repository/org/apache/httpcomponents/client5/httpclient5/5.2.1/httpclient5-5.2.1.jar:/Users/eliotsong/.m2/repository/org/apache/httpcomponents/core5/httpcore5/5.2.3/httpcore5-5.2.3.jar:/Users/eliotsong/.m2/repository/org/apache/httpcomponents/core5/httpcore5-h2/5.2.3/httpcore5-h2-5.2.3.jar:/Users/eliotsong/.m2/repository/org/xmlunit/xmlunit-legacy/2.9.1/xmlunit-legacy-2.9.1.jar:/Users/eliotsong/.m2/repository/org/xmlunit/xmlunit-placeholders/2.9.1/xmlunit-placeholders-2.9.1.jar:/Users/eliotsong/.m2/repository/net/javacrumbs/json-unit/json-unit-core/2.36.0/json-unit-core-2.36.0.jar:/Users/eliotsong/.m2/repository/org/hamcrest/hamcrest-core/2.2/hamcrest-core-2.2.jar:/Users/eliotsong/.m2/repository/org/ow2/asm/asm/9.4/asm-9.4.jar:/Users/eliotsong/.m2/repository/net/sf/jopt-simple/jopt-simple/5.0.4/jopt-simple-5.0.4.jar:/Users/eliotsong/.m2/repository/org/apache/commons/commons-lang3/3.13.0/commons-lang3-3.13.0.jar:/Users/eliotsong/.m2/repository/com/github/jknack/handlebars/4.3.1/handlebars-4.3.1.jar:/Users/eliotsong/.m2/repository/com/github/jknack/handlebars-helpers/4.3.1/handlebars-helpers-4.3.1.jar:/Users/eliotsong/.m2/repository/commons-fileupload/commons-fileupload/1.4/commons-fileupload-1.4.jar:/Users/eliotsong/.m2/repository/commons-io/commons-io/2.11.0/commons-io-2.11.0.jar:"/>
    <property name="sun.cpu.endian" value="little"/>
    <property name="user.home" value="/Users/eliotsong"/>
    <property name="user.language" value="ko"/>
    <property name="java.specification.vendor" value="Oracle Corporation"/>
    <property name="java.version.date" value="2025-03-18"/>
    <property name="java.home" value="/Library/Java/JavaVirtualMachines/jdk-24.jdk/Contents/Home"/>
    <property name="spring.profiles.active" value="test"/>
    <property name="file.separator" value="/"/>
    <property name="basedir" value="/Users/eliotsong/Documents/I. Program/test-sample_/AI-Maketing assistant_/backend"/>
    <property name="java.vm.compressedOopsMode" value="Zero based"/>
    <property name="line.separator" value="&#10;"/>
    <property name="java.vm.specification.vendor" value="Oracle Corporation"/>
    <property name="java.specification.name" value="Java Platform API Specification"/>
    <property name="apple.awt.application.name" value="ForkedBooter"/>
    <property name="surefire.real.class.path" value="/Users/eliotsong/Documents/I. Program/test-sample_/AI-Maketing assistant_/backend/target/surefire/surefirebooter-20250826154409947_3.jar"/>
    <property name="sun.management.compiler" value="HotSpot 64-Bit Tiered Compilers"/>
    <property name="ftp.nonProxyHosts" value="local|*.local|169.254/16|*.169.254/16|localhost|*.localhost"/>
    <property name="java.runtime.version" value="24+36-3646"/>
    <property name="user.name" value="eliotsong"/>
    <property name="stdout.encoding" value="UTF-8"/>
    <property name="path.separator" value=":"/>
    <property name="os.version" value="15.6.1"/>
    <property name="java.runtime.name" value="Java(TM) SE Runtime Environment"/>
    <property name="file.encoding" value="UTF-8"/>
    <property name="java.vm.name" value="Java HotSpot(TM) 64-Bit Server VM"/>
    <property name="localRepository" value="/Users/eliotsong/.m2/repository"/>
    <property name="java.vendor.url.bug" value="https://bugreport.java.com/bugreport/"/>
    <property name="java.io.tmpdir" value="/var/folders/53/_gykk9j14yn7f9s8pbcxkk800000gn/T/"/>
    <property name="java.version" value="24"/>
    <property name="user.dir" value="/Users/eliotsong/Documents/I. Program/test-sample_/AI-Maketing assistant_/backend"/>
    <property name="os.arch" value="aarch64"/>
    <property name="java.vm.specification.name" value="Java Virtual Machine Specification"/>
    <property name="failIfNoTests" value="false"/>
    <property name="native.encoding" value="UTF-8"/>
    <property name="java.library.path" value="/Users/eliotsong/Library/Java/Extensions:/Library/Java/Extensions:/Network/Library/Java/Extensions:/System/Library/Java/Extensions:/usr/lib/java:."/>
    <property name="java.vm.info" value="mixed mode, sharing"/>
    <property name="stderr.encoding" value="UTF-8"/>
    <property name="java.vendor" value="Oracle Corporation"/>
    <property name="java.vm.version" value="24+36-3646"/>
    <property name="sun.io.unicode.encoding" value="UnicodeBig"/>
    <property name="socksNonProxyHosts" value="local|*.local|169.254/16|*.169.254/16|localhost|*.localhost"/>
    <property name="java.class.version" value="68.0"/>
  </properties>
  <testcase name="testLogSecurityEvent_Success" classname="com.Human.Ai.D.makit.AuditLoggingServiceTest" time="1.024">
    <system-out><![CDATA[15:44:11.671 [main] WARN com.Human.Ai.D.makit.service.AuditLoggingService -- 보안 이벤트 기록됨: AuditLog{id=null, userEmail='test@example.com', action=보안 위반, entityType='SECURITY', entityId='null', status=성공, timestamp=2025-08-26T15:44:11.666141}
]]></system-out>
    <system-err><![CDATA[WARNING: A Java agent has been loaded dynamically (/Users/eliotsong/.m2/repository/net/bytebuddy/byte-buddy-agent/1.14.10/byte-buddy-agent-1.14.10.jar)
WARNING: If a serviceability tool is in use, please run with -XX:+EnableDynamicAgentLoading to hide this warning
WARNING: If a serviceability tool is not in use, please run with -Djdk.instrument.traceUsage for more information
WARNING: Dynamic loading of agents will be disallowed by default in a future release
]]></system-err>
  </testcase>
  <testcase name="testGetAuditLogsForUser_Success" classname="com.Human.Ai.D.makit.AuditLoggingServiceTest" time="0.018">
    <error message="&#10;Unnecessary stubbings detected.&#10;Clean &amp; maintainable test code requires zero unnecessary code.&#10;Following stubbings are unnecessary (click to navigate to relevant line of code):&#10;  1. -&gt; at com.Human.Ai.D.makit.AuditLoggingServiceTest.setUp(AuditLoggingServiceTest.java:84)&#10;  2. -&gt; at com.Human.Ai.D.makit.AuditLoggingServiceTest.setUp(AuditLoggingServiceTest.java:85)&#10;  3. -&gt; at com.Human.Ai.D.makit.AuditLoggingServiceTest.setUp(AuditLoggingServiceTest.java:86)&#10;  4. -&gt; at com.Human.Ai.D.makit.AuditLoggingServiceTest.setUp(AuditLoggingServiceTest.java:87)&#10;Please remove unnecessary stubbings or use &apos;lenient&apos; strictness. More info: javadoc for UnnecessaryStubbingException class." type="org.mockito.exceptions.misusing.UnnecessaryStubbingException"><![CDATA[org.mockito.exceptions.misusing.UnnecessaryStubbingException: 

Unnecessary stubbings detected.
Clean & maintainable test code requires zero unnecessary code.
Following stubbings are unnecessary (click to navigate to relevant line of code):
  1. -> at com.Human.Ai.D.makit.AuditLoggingServiceTest.setUp(AuditLoggingServiceTest.java:84)
  2. -> at com.Human.Ai.D.makit.AuditLoggingServiceTest.setUp(AuditLoggingServiceTest.java:85)
  3. -> at com.Human.Ai.D.makit.AuditLoggingServiceTest.setUp(AuditLoggingServiceTest.java:86)
  4. -> at com.Human.Ai.D.makit.AuditLoggingServiceTest.setUp(AuditLoggingServiceTest.java:87)
Please remove unnecessary stubbings or use 'lenient' strictness. More info: javadoc for UnnecessaryStubbingException class.
	at org.mockito.junit.jupiter.MockitoExtension.afterEach(MockitoExtension.java:186)
	at java.base/java.util.ArrayList.forEach(ArrayList.java:1604)
	at java.base/java.util.ArrayList.forEach(ArrayList.java:1604)
]]></error>
  </testcase>
  <testcase name="testLog_Success" classname="com.Human.Ai.D.makit.AuditLoggingServiceTest" time="0.005"/>
  <testcase name="testGetAuditLogsByDateRange_Success" classname="com.Human.Ai.D.makit.AuditLoggingServiceTest" time="0.005">
    <error message="&#10;Unnecessary stubbings detected.&#10;Clean &amp; maintainable test code requires zero unnecessary code.&#10;Following stubbings are unnecessary (click to navigate to relevant line of code):&#10;  1. -&gt; at com.Human.Ai.D.makit.AuditLoggingServiceTest.setUp(AuditLoggingServiceTest.java:84)&#10;  2. -&gt; at com.Human.Ai.D.makit.AuditLoggingServiceTest.setUp(AuditLoggingServiceTest.java:85)&#10;  3. -&gt; at com.Human.Ai.D.makit.AuditLoggingServiceTest.setUp(AuditLoggingServiceTest.java:86)&#10;  4. -&gt; at com.Human.Ai.D.makit.AuditLoggingServiceTest.setUp(AuditLoggingServiceTest.java:87)&#10;Please remove unnecessary stubbings or use &apos;lenient&apos; strictness. More info: javadoc for UnnecessaryStubbingException class." type="org.mockito.exceptions.misusing.UnnecessaryStubbingException"><![CDATA[org.mockito.exceptions.misusing.UnnecessaryStubbingException: 

Unnecessary stubbings detected.
Clean & maintainable test code requires zero unnecessary code.
Following stubbings are unnecessary (click to navigate to relevant line of code):
  1. -> at com.Human.Ai.D.makit.AuditLoggingServiceTest.setUp(AuditLoggingServiceTest.java:84)
  2. -> at com.Human.Ai.D.makit.AuditLoggingServiceTest.setUp(AuditLoggingServiceTest.java:85)
  3. -> at com.Human.Ai.D.makit.AuditLoggingServiceTest.setUp(AuditLoggingServiceTest.java:86)
  4. -> at com.Human.Ai.D.makit.AuditLoggingServiceTest.setUp(AuditLoggingServiceTest.java:87)
Please remove unnecessary stubbings or use 'lenient' strictness. More info: javadoc for UnnecessaryStubbingException class.
	at org.mockito.junit.jupiter.MockitoExtension.afterEach(MockitoExtension.java:186)
	at java.base/java.util.ArrayList.forEach(ArrayList.java:1604)
	at java.base/java.util.ArrayList.forEach(ArrayList.java:1604)
]]></error>
  </testcase>
  <testcase name="testGetActionStatistics_Success" classname="com.Human.Ai.D.makit.AuditLoggingServiceTest" time="0.007">
    <error message="&#10;Unnecessary stubbings detected.&#10;Clean &amp; maintainable test code requires zero unnecessary code.&#10;Following stubbings are unnecessary (click to navigate to relevant line of code):&#10;  1. -&gt; at com.Human.Ai.D.makit.AuditLoggingServiceTest.setUp(AuditLoggingServiceTest.java:84)&#10;  2. -&gt; at com.Human.Ai.D.makit.AuditLoggingServiceTest.setUp(AuditLoggingServiceTest.java:85)&#10;  3. -&gt; at com.Human.Ai.D.makit.AuditLoggingServiceTest.setUp(AuditLoggingServiceTest.java:86)&#10;  4. -&gt; at com.Human.Ai.D.makit.AuditLoggingServiceTest.setUp(AuditLoggingServiceTest.java:87)&#10;Please remove unnecessary stubbings or use &apos;lenient&apos; strictness. More info: javadoc for UnnecessaryStubbingException class." type="org.mockito.exceptions.misusing.UnnecessaryStubbingException"><![CDATA[org.mockito.exceptions.misusing.UnnecessaryStubbingException: 

Unnecessary stubbings detected.
Clean & maintainable test code requires zero unnecessary code.
Following stubbings are unnecessary (click to navigate to relevant line of code):
  1. -> at com.Human.Ai.D.makit.AuditLoggingServiceTest.setUp(AuditLoggingServiceTest.java:84)
  2. -> at com.Human.Ai.D.makit.AuditLoggingServiceTest.setUp(AuditLoggingServiceTest.java:85)
  3. -> at com.Human.Ai.D.makit.AuditLoggingServiceTest.setUp(AuditLoggingServiceTest.java:86)
  4. -> at com.Human.Ai.D.makit.AuditLoggingServiceTest.setUp(AuditLoggingServiceTest.java:87)
Please remove unnecessary stubbings or use 'lenient' strictness. More info: javadoc for UnnecessaryStubbingException class.
	at org.mockito.junit.jupiter.MockitoExtension.afterEach(MockitoExtension.java:186)
	at java.base/java.util.ArrayList.forEach(ArrayList.java:1604)
	at java.base/java.util.ArrayList.forEach(ArrayList.java:1604)
]]></error>
  </testcase>
  <testcase name="testLogAsync_Success" classname="com.Human.Ai.D.makit.AuditLoggingServiceTest" time="0.005"/>
  <testcase name="testGetAuditLogsByAction_Success" classname="com.Human.Ai.D.makit.AuditLoggingServiceTest" time="0.006">
    <error message="&#10;Unnecessary stubbings detected.&#10;Clean &amp; maintainable test code requires zero unnecessary code.&#10;Following stubbings are unnecessary (click to navigate to relevant line of code):&#10;  1. -&gt; at com.Human.Ai.D.makit.AuditLoggingServiceTest.setUp(AuditLoggingServiceTest.java:84)&#10;  2. -&gt; at com.Human.Ai.D.makit.AuditLoggingServiceTest.setUp(AuditLoggingServiceTest.java:85)&#10;  3. -&gt; at com.Human.Ai.D.makit.AuditLoggingServiceTest.setUp(AuditLoggingServiceTest.java:86)&#10;  4. -&gt; at com.Human.Ai.D.makit.AuditLoggingServiceTest.setUp(AuditLoggingServiceTest.java:87)&#10;Please remove unnecessary stubbings or use &apos;lenient&apos; strictness. More info: javadoc for UnnecessaryStubbingException class." type="org.mockito.exceptions.misusing.UnnecessaryStubbingException"><![CDATA[org.mockito.exceptions.misusing.UnnecessaryStubbingException: 

Unnecessary stubbings detected.
Clean & maintainable test code requires zero unnecessary code.
Following stubbings are unnecessary (click to navigate to relevant line of code):
  1. -> at com.Human.Ai.D.makit.AuditLoggingServiceTest.setUp(AuditLoggingServiceTest.java:84)
  2. -> at com.Human.Ai.D.makit.AuditLoggingServiceTest.setUp(AuditLoggingServiceTest.java:85)
  3. -> at com.Human.Ai.D.makit.AuditLoggingServiceTest.setUp(AuditLoggingServiceTest.java:86)
  4. -> at com.Human.Ai.D.makit.AuditLoggingServiceTest.setUp(AuditLoggingServiceTest.java:87)
Please remove unnecessary stubbings or use 'lenient' strictness. More info: javadoc for UnnecessaryStubbingException class.
	at org.mockito.junit.jupiter.MockitoExtension.afterEach(MockitoExtension.java:186)
	at java.base/java.util.ArrayList.forEach(ArrayList.java:1604)
	at java.base/java.util.ArrayList.forEach(ArrayList.java:1604)
]]></error>
  </testcase>
  <testcase name="testGetUserActivityStatistics_Success" classname="com.Human.Ai.D.makit.AuditLoggingServiceTest" time="0.004">
    <error message="&#10;Unnecessary stubbings detected.&#10;Clean &amp; maintainable test code requires zero unnecessary code.&#10;Following stubbings are unnecessary (click to navigate to relevant line of code):&#10;  1. -&gt; at com.Human.Ai.D.makit.AuditLoggingServiceTest.setUp(AuditLoggingServiceTest.java:84)&#10;  2. -&gt; at com.Human.Ai.D.makit.AuditLoggingServiceTest.setUp(AuditLoggingServiceTest.java:85)&#10;  3. -&gt; at com.Human.Ai.D.makit.AuditLoggingServiceTest.setUp(AuditLoggingServiceTest.java:86)&#10;  4. -&gt; at com.Human.Ai.D.makit.AuditLoggingServiceTest.setUp(AuditLoggingServiceTest.java:87)&#10;Please remove unnecessary stubbings or use &apos;lenient&apos; strictness. More info: javadoc for UnnecessaryStubbingException class." type="org.mockito.exceptions.misusing.UnnecessaryStubbingException"><![CDATA[org.mockito.exceptions.misusing.UnnecessaryStubbingException: 

Unnecessary stubbings detected.
Clean & maintainable test code requires zero unnecessary code.
Following stubbings are unnecessary (click to navigate to relevant line of code):
  1. -> at com.Human.Ai.D.makit.AuditLoggingServiceTest.setUp(AuditLoggingServiceTest.java:84)
  2. -> at com.Human.Ai.D.makit.AuditLoggingServiceTest.setUp(AuditLoggingServiceTest.java:85)
  3. -> at com.Human.Ai.D.makit.AuditLoggingServiceTest.setUp(AuditLoggingServiceTest.java:86)
  4. -> at com.Human.Ai.D.makit.AuditLoggingServiceTest.setUp(AuditLoggingServiceTest.java:87)
Please remove unnecessary stubbings or use 'lenient' strictness. More info: javadoc for UnnecessaryStubbingException class.
	at org.mockito.junit.jupiter.MockitoExtension.afterEach(MockitoExtension.java:186)
	at java.base/java.util.ArrayList.forEach(ArrayList.java:1604)
	at java.base/java.util.ArrayList.forEach(ArrayList.java:1604)
]]></error>
  </testcase>
  <testcase name="testGetSecurityEvents_Success" classname="com.Human.Ai.D.makit.AuditLoggingServiceTest" time="0.004">
    <error message="&#10;Unnecessary stubbings detected.&#10;Clean &amp; maintainable test code requires zero unnecessary code.&#10;Following stubbings are unnecessary (click to navigate to relevant line of code):&#10;  1. -&gt; at com.Human.Ai.D.makit.AuditLoggingServiceTest.setUp(AuditLoggingServiceTest.java:84)&#10;  2. -&gt; at com.Human.Ai.D.makit.AuditLoggingServiceTest.setUp(AuditLoggingServiceTest.java:85)&#10;  3. -&gt; at com.Human.Ai.D.makit.AuditLoggingServiceTest.setUp(AuditLoggingServiceTest.java:86)&#10;  4. -&gt; at com.Human.Ai.D.makit.AuditLoggingServiceTest.setUp(AuditLoggingServiceTest.java:87)&#10;Please remove unnecessary stubbings or use &apos;lenient&apos; strictness. More info: javadoc for UnnecessaryStubbingException class." type="org.mockito.exceptions.misusing.UnnecessaryStubbingException"><![CDATA[org.mockito.exceptions.misusing.UnnecessaryStubbingException: 

Unnecessary stubbings detected.
Clean & maintainable test code requires zero unnecessary code.
Following stubbings are unnecessary (click to navigate to relevant line of code):
  1. -> at com.Human.Ai.D.makit.AuditLoggingServiceTest.setUp(AuditLoggingServiceTest.java:84)
  2. -> at com.Human.Ai.D.makit.AuditLoggingServiceTest.setUp(AuditLoggingServiceTest.java:85)
  3. -> at com.Human.Ai.D.makit.AuditLoggingServiceTest.setUp(AuditLoggingServiceTest.java:86)
  4. -> at com.Human.Ai.D.makit.AuditLoggingServiceTest.setUp(AuditLoggingServiceTest.java:87)
Please remove unnecessary stubbings or use 'lenient' strictness. More info: javadoc for UnnecessaryStubbingException class.
	at org.mockito.junit.jupiter.MockitoExtension.afterEach(MockitoExtension.java:186)
	at java.base/java.util.ArrayList.forEach(ArrayList.java:1604)
	at java.base/java.util.ArrayList.forEach(ArrayList.java:1604)
]]></error>
  </testcase>
  <testcase name="testLog_WithException_HandlesGracefully" classname="com.Human.Ai.D.makit.AuditLoggingServiceTest" time="0.01">
    <system-out><![CDATA[15:44:11.764 [main] ERROR com.Human.Ai.D.makit.service.AuditLoggingService -- 감사 로그 기록 실패: action=콘텐츠 생성, entityType=CONTENT, entityId=123
java.lang.RuntimeException: DB 오류
	at com.Human.Ai.D.makit.service.AuditLoggingService.log(AuditLoggingService.java:71)
	at com.Human.Ai.D.makit.AuditLoggingServiceTest.lambda$6(AuditLoggingServiceTest.java:361)
	at org.junit.jupiter.api.AssertDoesNotThrow.assertDoesNotThrow(AssertDoesNotThrow.java:49)
	at org.junit.jupiter.api.AssertDoesNotThrow.assertDoesNotThrow(AssertDoesNotThrow.java:36)
	at org.junit.jupiter.api.Assertions.assertDoesNotThrow(Assertions.java:3168)
	at com.Human.Ai.D.makit.AuditLoggingServiceTest.testLog_WithException_HandlesGracefully(AuditLoggingServiceTest.java:360)
	at java.base/jdk.internal.reflect.DirectMethodHandleAccessor.invoke(DirectMethodHandleAccessor.java:104)
	at java.base/java.lang.reflect.Method.invoke(Method.java:565)
	at org.junit.platform.commons.util.ReflectionUtils.invokeMethod(ReflectionUtils.java:728)
	at org.junit.jupiter.engine.execution.MethodInvocation.proceed(MethodInvocation.java:60)
	at org.junit.jupiter.engine.execution.InvocationInterceptorChain$ValidatingInvocation.proceed(InvocationInterceptorChain.java:131)
	at org.junit.jupiter.engine.extension.TimeoutExtension.intercept(TimeoutExtension.java:156)
	at org.junit.jupiter.engine.extension.TimeoutExtension.interceptTestableMethod(TimeoutExtension.java:147)
	at org.junit.jupiter.engine.extension.TimeoutExtension.interceptTestMethod(TimeoutExtension.java:86)
	at org.junit.jupiter.engine.execution.InterceptingExecutableInvoker$ReflectiveInterceptorCall.lambda$ofVoidMethod$0(InterceptingExecutableInvoker.java:103)
	at org.junit.jupiter.engine.execution.InterceptingExecutableInvoker.lambda$invoke$0(InterceptingExecutableInvoker.java:93)
	at org.junit.jupiter.engine.execution.InvocationInterceptorChain$InterceptedInvocation.proceed(InvocationInterceptorChain.java:106)
	at org.junit.jupiter.engine.execution.InvocationInterceptorChain.proceed(InvocationInterceptorChain.java:64)
	at org.junit.jupiter.engine.execution.InvocationInterceptorChain.chainAndInvoke(InvocationInterceptorChain.java:45)
	at org.junit.jupiter.engine.execution.InvocationInterceptorChain.invoke(InvocationInterceptorChain.java:37)
	at org.junit.jupiter.engine.execution.InterceptingExecutableInvoker.invoke(InterceptingExecutableInvoker.java:92)
	at org.junit.jupiter.engine.execution.InterceptingExecutableInvoker.invoke(InterceptingExecutableInvoker.java:86)
	at org.junit.jupiter.engine.descriptor.TestMethodTestDescriptor.lambda$invokeTestMethod$7(TestMethodTestDescriptor.java:218)
	at org.junit.platform.engine.support.hierarchical.ThrowableCollector.execute(ThrowableCollector.java:73)
	at org.junit.jupiter.engine.descriptor.TestMethodTestDescriptor.invokeTestMethod(TestMethodTestDescriptor.java:214)
	at org.junit.jupiter.engine.descriptor.TestMethodTestDescriptor.execute(TestMethodTestDescriptor.java:139)
	at org.junit.jupiter.engine.descriptor.TestMethodTestDescriptor.execute(TestMethodTestDescriptor.java:69)
	at org.junit.platform.engine.support.hierarchical.NodeTestTask.lambda$executeRecursively$6(NodeTestTask.java:151)
	at org.junit.platform.engine.support.hierarchical.ThrowableCollector.execute(ThrowableCollector.java:73)
	at org.junit.platform.engine.support.hierarchical.NodeTestTask.lambda$executeRecursively$8(NodeTestTask.java:141)
	at org.junit.platform.engine.support.hierarchical.Node.around(Node.java:137)
	at org.junit.platform.engine.support.hierarchical.NodeTestTask.lambda$executeRecursively$9(NodeTestTask.java:139)
	at org.junit.platform.engine.support.hierarchical.ThrowableCollector.execute(ThrowableCollector.java:73)
	at org.junit.platform.engine.support.hierarchical.NodeTestTask.executeRecursively(NodeTestTask.java:138)
	at org.junit.platform.engine.support.hierarchical.NodeTestTask.execute(NodeTestTask.java:95)
	at java.base/java.util.ArrayList.forEach(ArrayList.java:1604)
	at org.junit.platform.engine.support.hierarchical.SameThreadHierarchicalTestExecutorService.invokeAll(SameThreadHierarchicalTestExecutorService.java:41)
	at org.junit.platform.engine.support.hierarchical.NodeTestTask.lambda$executeRecursively$6(NodeTestTask.java:155)
	at org.junit.platform.engine.support.hierarchical.ThrowableCollector.execute(ThrowableCollector.java:73)
	at org.junit.platform.engine.support.hierarchical.NodeTestTask.lambda$executeRecursively$8(NodeTestTask.java:141)
	at org.junit.platform.engine.support.hierarchical.Node.around(Node.java:137)
	at org.junit.platform.engine.support.hierarchical.NodeTestTask.lambda$executeRecursively$9(NodeTestTask.java:139)
	at org.junit.platform.engine.support.hierarchical.ThrowableCollector.execute(ThrowableCollector.java:73)
	at org.junit.platform.engine.support.hierarchical.NodeTestTask.executeRecursively(NodeTestTask.java:138)
	at org.junit.platform.engine.support.hierarchical.NodeTestTask.execute(NodeTestTask.java:95)
	at java.base/java.util.ArrayList.forEach(ArrayList.java:1604)
	at org.junit.platform.engine.support.hierarchical.SameThreadHierarchicalTestExecutorService.invokeAll(SameThreadHierarchicalTestExecutorService.java:41)
	at org.junit.platform.engine.support.hierarchical.NodeTestTask.lambda$executeRecursively$6(NodeTestTask.java:155)
	at org.junit.platform.engine.support.hierarchical.ThrowableCollector.execute(ThrowableCollector.java:73)
	at org.junit.platform.engine.support.hierarchical.NodeTestTask.lambda$executeRecursively$8(NodeTestTask.java:141)
	at org.junit.platform.engine.support.hierarchical.Node.around(Node.java:137)
	at org.junit.platform.engine.support.hierarchical.NodeTestTask.lambda$executeRecursively$9(NodeTestTask.java:139)
	at org.junit.platform.engine.support.hierarchical.ThrowableCollector.execute(ThrowableCollector.java:73)
	at org.junit.platform.engine.support.hierarchical.NodeTestTask.executeRecursively(NodeTestTask.java:138)
	at org.junit.platform.engine.support.hierarchical.NodeTestTask.execute(NodeTestTask.java:95)
	at org.junit.platform.engine.support.hierarchical.SameThreadHierarchicalTestExecutorService.submit(SameThreadHierarchicalTestExecutorService.java:35)
	at org.junit.platform.engine.support.hierarchical.HierarchicalTestExecutor.execute(HierarchicalTestExecutor.java:57)
	at org.junit.platform.engine.support.hierarchical.HierarchicalTestEngine.execute(HierarchicalTestEngine.java:54)
	at org.junit.platform.launcher.core.EngineExecutionOrchestrator.execute(EngineExecutionOrchestrator.java:198)
	at org.junit.platform.launcher.core.EngineExecutionOrchestrator.execute(EngineExecutionOrchestrator.java:169)
	at org.junit.platform.launcher.core.EngineExecutionOrchestrator.execute(EngineExecutionOrchestrator.java:93)
	at org.junit.platform.launcher.core.EngineExecutionOrchestrator.lambda$execute$0(EngineExecutionOrchestrator.java:58)
	at org.junit.platform.launcher.core.EngineExecutionOrchestrator.withInterceptedStreams(EngineExecutionOrchestrator.java:141)
	at org.junit.platform.launcher.core.EngineExecutionOrchestrator.execute(EngineExecutionOrchestrator.java:57)
	at org.junit.platform.launcher.core.DefaultLauncher.execute(DefaultLauncher.java:103)
	at org.junit.platform.launcher.core.DefaultLauncher.execute(DefaultLauncher.java:85)
	at org.junit.platform.launcher.core.DelegatingLauncher.execute(DelegatingLauncher.java:47)
	at org.apache.maven.surefire.junitplatform.LazyLauncher.execute(LazyLauncher.java:56)
	at org.apache.maven.surefire.junitplatform.JUnitPlatformProvider.execute(JUnitPlatformProvider.java:184)
	at org.apache.maven.surefire.junitplatform.JUnitPlatformProvider.invokeAllTests(JUnitPlatformProvider.java:148)
	at org.apache.maven.surefire.junitplatform.JUnitPlatformProvider.invoke(JUnitPlatformProvider.java:122)
	at org.apache.maven.surefire.booter.ForkedBooter.runSuitesInProcess(ForkedBooter.java:385)
	at org.apache.maven.surefire.booter.ForkedBooter.execute(ForkedBooter.java:162)
	at org.apache.maven.surefire.booter.ForkedBooter.run(ForkedBooter.java:507)
	at org.apache.maven.surefire.booter.ForkedBooter.main(ForkedBooter.java:495)
]]></system-out>
  </testcase>
  <testcase name="testGetFailedLoginAttempts_Success" classname="com.Human.Ai.D.makit.AuditLoggingServiceTest" time="0.004">
    <error message="&#10;Unnecessary stubbings detected.&#10;Clean &amp; maintainable test code requires zero unnecessary code.&#10;Following stubbings are unnecessary (click to navigate to relevant line of code):&#10;  1. -&gt; at com.Human.Ai.D.makit.AuditLoggingServiceTest.setUp(AuditLoggingServiceTest.java:84)&#10;  2. -&gt; at com.Human.Ai.D.makit.AuditLoggingServiceTest.setUp(AuditLoggingServiceTest.java:85)&#10;  3. -&gt; at com.Human.Ai.D.makit.AuditLoggingServiceTest.setUp(AuditLoggingServiceTest.java:86)&#10;  4. -&gt; at com.Human.Ai.D.makit.AuditLoggingServiceTest.setUp(AuditLoggingServiceTest.java:87)&#10;Please remove unnecessary stubbings or use &apos;lenient&apos; strictness. More info: javadoc for UnnecessaryStubbingException class." type="org.mockito.exceptions.misusing.UnnecessaryStubbingException"><![CDATA[org.mockito.exceptions.misusing.UnnecessaryStubbingException: 

Unnecessary stubbings detected.
Clean & maintainable test code requires zero unnecessary code.
Following stubbings are unnecessary (click to navigate to relevant line of code):
  1. -> at com.Human.Ai.D.makit.AuditLoggingServiceTest.setUp(AuditLoggingServiceTest.java:84)
  2. -> at com.Human.Ai.D.makit.AuditLoggingServiceTest.setUp(AuditLoggingServiceTest.java:85)
  3. -> at com.Human.Ai.D.makit.AuditLoggingServiceTest.setUp(AuditLoggingServiceTest.java:86)
  4. -> at com.Human.Ai.D.makit.AuditLoggingServiceTest.setUp(AuditLoggingServiceTest.java:87)
Please remove unnecessary stubbings or use 'lenient' strictness. More info: javadoc for UnnecessaryStubbingException class.
	at org.mockito.junit.jupiter.MockitoExtension.afterEach(MockitoExtension.java:186)
	at java.base/java.util.ArrayList.forEach(ArrayList.java:1604)
	at java.base/java.util.ArrayList.forEach(ArrayList.java:1604)
]]></error>
  </testcase>
  <testcase name="testLog_WithNullUser_Success" classname="com.Human.Ai.D.makit.AuditLoggingServiceTest" time="0.008">
    <error message="&#10;Unnecessary stubbings detected.&#10;Clean &amp; maintainable test code requires zero unnecessary code.&#10;Following stubbings are unnecessary (click to navigate to relevant line of code):&#10;  1. -&gt; at com.Human.Ai.D.makit.AuditLoggingServiceTest.setUp(AuditLoggingServiceTest.java:87)&#10;Please remove unnecessary stubbings or use &apos;lenient&apos; strictness. More info: javadoc for UnnecessaryStubbingException class." type="org.mockito.exceptions.misusing.UnnecessaryStubbingException"><![CDATA[org.mockito.exceptions.misusing.UnnecessaryStubbingException: 

Unnecessary stubbings detected.
Clean & maintainable test code requires zero unnecessary code.
Following stubbings are unnecessary (click to navigate to relevant line of code):
  1. -> at com.Human.Ai.D.makit.AuditLoggingServiceTest.setUp(AuditLoggingServiceTest.java:87)
Please remove unnecessary stubbings or use 'lenient' strictness. More info: javadoc for UnnecessaryStubbingException class.
	at org.mockito.junit.jupiter.MockitoExtension.afterEach(MockitoExtension.java:186)
	at java.base/java.util.ArrayList.forEach(ArrayList.java:1604)
	at java.base/java.util.ArrayList.forEach(ArrayList.java:1604)
]]></error>
  </testcase>
  <testcase name="testLogSystemEvent_Success" classname="com.Human.Ai.D.makit.AuditLoggingServiceTest" time="0.005">
    <error message="&#10;Unnecessary stubbings detected.&#10;Clean &amp; maintainable test code requires zero unnecessary code.&#10;Following stubbings are unnecessary (click to navigate to relevant line of code):&#10;  1. -&gt; at com.Human.Ai.D.makit.AuditLoggingServiceTest.setUp(AuditLoggingServiceTest.java:84)&#10;  2. -&gt; at com.Human.Ai.D.makit.AuditLoggingServiceTest.setUp(AuditLoggingServiceTest.java:85)&#10;  3. -&gt; at com.Human.Ai.D.makit.AuditLoggingServiceTest.setUp(AuditLoggingServiceTest.java:86)&#10;  4. -&gt; at com.Human.Ai.D.makit.AuditLoggingServiceTest.setUp(AuditLoggingServiceTest.java:87)&#10;Please remove unnecessary stubbings or use &apos;lenient&apos; strictness. More info: javadoc for UnnecessaryStubbingException class." type="org.mockito.exceptions.misusing.UnnecessaryStubbingException"><![CDATA[org.mockito.exceptions.misusing.UnnecessaryStubbingException: 

Unnecessary stubbings detected.
Clean & maintainable test code requires zero unnecessary code.
Following stubbings are unnecessary (click to navigate to relevant line of code):
  1. -> at com.Human.Ai.D.makit.AuditLoggingServiceTest.setUp(AuditLoggingServiceTest.java:84)
  2. -> at com.Human.Ai.D.makit.AuditLoggingServiceTest.setUp(AuditLoggingServiceTest.java:85)
  3. -> at com.Human.Ai.D.makit.AuditLoggingServiceTest.setUp(AuditLoggingServiceTest.java:86)
  4. -> at com.Human.Ai.D.makit.AuditLoggingServiceTest.setUp(AuditLoggingServiceTest.java:87)
Please remove unnecessary stubbings or use 'lenient' strictness. More info: javadoc for UnnecessaryStubbingException class.
	at org.mockito.junit.jupiter.MockitoExtension.afterEach(MockitoExtension.java:186)
	at java.base/java.util.ArrayList.forEach(ArrayList.java:1604)
	at java.base/java.util.ArrayList.forEach(ArrayList.java:1604)
]]></error>
    <system-out><![CDATA[15:44:11.785 [main] INFO com.Human.Ai.D.makit.service.AuditLoggingService -- 시스템 이벤트 기록됨: AuditLog{id=null, userEmail='SYSTEM', action=시스템 설정 변경, entityType='SYSTEM', entityId='config-1', status=성공, timestamp=2025-08-26T15:44:11.785708}
]]></system-out>
  </testcase>
  <testcase name="testLogFailure_Success" classname="com.Human.Ai.D.makit.AuditLoggingServiceTest" time="0.013">
    <system-out><![CDATA[15:44:11.799 [main] WARN com.Human.Ai.D.makit.service.AuditLoggingService -- 실패 감사 로그 기록됨: AuditLog{id=null, userEmail='test@example.com', action=콘텐츠 생성, entityType='CONTENT', entityId='123', status=실패, timestamp=2025-08-26T15:44:11.799255}
]]></system-out>
  </testcase>
  <testcase name="testLogWithDetails_Success" classname="com.Human.Ai.D.makit.AuditLoggingServiceTest" time="0.005"/>
  <testcase name="testLogForUser_Success" classname="com.Human.Ai.D.makit.AuditLoggingServiceTest" time="0.005">
    <error message="&#10;Unnecessary stubbings detected.&#10;Clean &amp; maintainable test code requires zero unnecessary code.&#10;Following stubbings are unnecessary (click to navigate to relevant line of code):&#10;  1. -&gt; at com.Human.Ai.D.makit.AuditLoggingServiceTest.setUp(AuditLoggingServiceTest.java:84)&#10;  2. -&gt; at com.Human.Ai.D.makit.AuditLoggingServiceTest.setUp(AuditLoggingServiceTest.java:85)&#10;  3. -&gt; at com.Human.Ai.D.makit.AuditLoggingServiceTest.setUp(AuditLoggingServiceTest.java:86)&#10;  4. -&gt; at com.Human.Ai.D.makit.AuditLoggingServiceTest.setUp(AuditLoggingServiceTest.java:87)&#10;Please remove unnecessary stubbings or use &apos;lenient&apos; strictness. More info: javadoc for UnnecessaryStubbingException class." type="org.mockito.exceptions.misusing.UnnecessaryStubbingException"><![CDATA[org.mockito.exceptions.misusing.UnnecessaryStubbingException: 

Unnecessary stubbings detected.
Clean & maintainable test code requires zero unnecessary code.
Following stubbings are unnecessary (click to navigate to relevant line of code):
  1. -> at com.Human.Ai.D.makit.AuditLoggingServiceTest.setUp(AuditLoggingServiceTest.java:84)
  2. -> at com.Human.Ai.D.makit.AuditLoggingServiceTest.setUp(AuditLoggingServiceTest.java:85)
  3. -> at com.Human.Ai.D.makit.AuditLoggingServiceTest.setUp(AuditLoggingServiceTest.java:86)
  4. -> at com.Human.Ai.D.makit.AuditLoggingServiceTest.setUp(AuditLoggingServiceTest.java:87)
Please remove unnecessary stubbings or use 'lenient' strictness. More info: javadoc for UnnecessaryStubbingException class.
	at org.mockito.junit.jupiter.MockitoExtension.afterEach(MockitoExtension.java:186)
	at java.base/java.util.ArrayList.forEach(ArrayList.java:1604)
	at java.base/java.util.ArrayList.forEach(ArrayList.java:1604)
]]></error>
  </testcase>
</testsuite>